[2023-02-20T23:16:41.041Z] [background-preinit] [INFO ] org.hibernate.validator.internal.util.Version.<clinit>[] - HV000001: Hibernate Validator 6.2.0.Final
[2023-02-20T23:16:41.041Z] [main] [INFO ] org.springframework.boot.StartupInfoLogger.logStarting[] - Starting ShopSpikerApplication using Java 17.0.2 on LAPTOP-VC8DEENM with PID 9312 (D:\shopspiker\shopspiker-backend\build-module\target\classes started by PRADEEP in D:\shopspiker\shopspiker-backend)
[2023-02-20T23:16:41.041Z] [main] [DEBUG] org.springframework.boot.StartupInfoLogger.logStarting[] - Running with Spring Boot v2.6.3, Spring v5.3.15
[2023-02-20T23:16:41.041Z] [main] [INFO ] org.springframework.boot.SpringApplication.logStartupProfileInfo[] - No active profile set, falling back to default profiles: default
[2023-02-20T23:16:43.043Z] [main] [INFO ] org.springframework.data.repository.config.RepositoryConfigurationDelegate.multipleStoresDetected[] - Multiple Spring Data modules found, entering strict repository configuration mode!
[2023-02-20T23:16:43.043Z] [main] [INFO ] org.springframework.data.repository.config.RepositoryConfigurationDelegate.registerRepositoriesIn[] - Bootstrapping Spring Data JPA repositories in DEFAULT mode.
[2023-02-20T23:16:43.043Z] [main] [INFO ] org.springframework.data.repository.config.RepositoryConfigurationDelegate.registerRepositoriesIn[] - Finished Spring Data repository scanning in 228 ms. Found 8 JPA repository interfaces.
[2023-02-20T23:16:44.044Z] [main] [INFO ] org.springframework.data.repository.config.RepositoryConfigurationDelegate.multipleStoresDetected[] - Multiple Spring Data modules found, entering strict repository configuration mode!
[2023-02-20T23:16:44.044Z] [main] [INFO ] org.springframework.data.repository.config.RepositoryConfigurationDelegate.registerRepositoriesIn[] - Bootstrapping Spring Data Redis repositories in DEFAULT mode.
[2023-02-20T23:16:44.044Z] [main] [INFO ] org.springframework.data.repository.config.RepositoryConfigurationDelegate.registerRepositoriesIn[] - Finished Spring Data repository scanning in 2 ms. Found 0 Redis repository interfaces.
[2023-02-20T23:16:45.045Z] [main] [INFO ] org.springframework.boot.web.embedded.tomcat.TomcatWebServer.initialize[] - Tomcat initialized with port(s): 8090 (http)
[2023-02-20T23:16:45.045Z] [main] [INFO ] org.apache.juli.logging.DirectJDKLog.log[] - Initializing ProtocolHandler ["http-nio-8090"]
[2023-02-20T23:16:45.045Z] [main] [INFO ] org.apache.juli.logging.DirectJDKLog.log[] - Starting service [Tomcat]
[2023-02-20T23:16:45.045Z] [main] [INFO ] org.apache.juli.logging.DirectJDKLog.log[] - Starting Servlet engine: [Apache Tomcat/9.0.56]
[2023-02-20T23:16:45.045Z] [main] [INFO ] org.apache.juli.logging.DirectJDKLog.log[] - Initializing Spring embedded WebApplicationContext
[2023-02-20T23:16:45.045Z] [main] [INFO ] org.springframework.boot.web.servlet.context.ServletWebServerApplicationContext.prepareWebApplicationContext[] - Root WebApplicationContext: initialization completed in 3706 ms
[2023-02-20T23:16:46.046Z] [main] [INFO ] org.hibernate.jpa.internal.util.LogHelper.logPersistenceUnitInformation[] - HHH000204: Processing PersistenceUnitInfo [name: default]
[2023-02-20T23:16:46.046Z] [main] [INFO ] org.hibernate.Version.logVersion[] - HHH000412: Hibernate ORM core version 5.6.4.Final
[2023-02-20T23:16:46.046Z] [main] [INFO ] org.hibernate.annotations.common.reflection.java.JavaReflectionManager.<clinit>[] - HCANN000001: Hibernate Commons Annotations {5.1.2.Final}
[2023-02-20T23:16:47.047Z] [main] [INFO ] com.zaxxer.hikari.HikariDataSource.getConnection[] - SHOPSPIKER - Starting...
[2023-02-20T23:16:47.047Z] [main] [INFO ] com.zaxxer.hikari.HikariDataSource.getConnection[] - SHOPSPIKER - Start completed.
[2023-02-20T23:16:47.047Z] [main] [INFO ] org.hibernate.dialect.Dialect.<init>[] - HHH000400: Using dialect: org.hibernate.dialect.MySQL5InnoDBDialect
[2023-02-20T23:16:49.049Z] [main] [INFO ] org.hibernate.engine.transaction.jta.platform.internal.JtaPlatformInitiator.initiateService[] - HHH000490: Using JtaPlatform implementation: [org.hibernate.engine.transaction.jta.platform.internal.NoJtaPlatform]
[2023-02-20T23:16:49.049Z] [main] [INFO ] org.springframework.orm.jpa.AbstractEntityManagerFactoryBean.buildNativeEntityManagerFactory[] - Initialized JPA EntityManagerFactory for persistence unit 'default'
[2023-02-20T23:16:50.050Z] [main] [INFO ] org.springframework.boot.web.servlet.DynamicRegistrationBean.register[] - Filter loggingFilter was not registered (possibly already registered?)
[2023-02-20T23:16:50.050Z] [main] [INFO ] com.shopspiker.site.configuration.SiteDbInitializer.init[] - Inside init() method of SiteDB Initializer
[2023-02-20T23:16:51.051Z] [main] [INFO ] com.shopspiker.auth.configuration.AuthDbInitializer.init[] - Inside init() method of AuthDB Initializer
[2023-02-20T23:16:52.052Z] [main] [WARN ] org.springframework.boot.autoconfigure.orm.jpa.JpaBaseConfiguration$JpaWebConfiguration.openEntityManagerInViewInterceptor[] - spring.jpa.open-in-view is enabled by default. Therefore, database queries may be performed during view rendering. Explicitly configure spring.jpa.open-in-view to disable this warning
[2023-02-20T23:16:52.052Z] [main] [WARN ] org.springframework.context.support.AbstractApplicationContext.refresh[] - Exception encountered during context initialization - cancelling refresh attempt: org.springframework.beans.factory.UnsatisfiedDependencyException: Error creating bean with name 'wishListServiceImpl': Unsatisfied dependency expressed through field 'catalogBrowseServiceProvider'; nested exception is org.springframework.beans.factory.UnsatisfiedDependencyException: Error creating bean with name 'catalogBrowseServiceProvider': Unsatisfied dependency expressed through field 'catalogBrowseService'; nested exception is org.springframework.beans.factory.NoSuchBeanDefinitionException: No qualifying bean of type 'com.shopspiker.catalogbrowse.service.CatalogBrowseService' available: expected at least 1 bean which qualifies as autowire candidate. Dependency annotations: {@org.springframework.beans.factory.annotation.Autowired(required=true)}
[2023-02-20T23:16:52.052Z] [main] [INFO ] org.springframework.orm.jpa.AbstractEntityManagerFactoryBean.destroy[] - Closing JPA EntityManagerFactory for persistence unit 'default'
[2023-02-20T23:16:52.052Z] [main] [INFO ] com.zaxxer.hikari.HikariDataSource.close[] - SHOPSPIKER - Shutdown initiated...
[2023-02-20T23:16:52.052Z] [main] [INFO ] com.zaxxer.hikari.HikariDataSource.close[] - SHOPSPIKER - Shutdown completed.
[2023-02-20T23:16:52.052Z] [main] [INFO ] org.apache.juli.logging.DirectJDKLog.log[] - Stopping service [Tomcat]
[2023-02-20T23:16:52.052Z] [main] [INFO ] org.springframework.boot.autoconfigure.logging.ConditionEvaluationReportLoggingListener.logMessage[] - 

Error starting ApplicationContext. To display the conditions report re-run your application with 'debug' enabled.
[2023-02-20T23:16:52.052Z] [main] [ERROR] org.springframework.boot.diagnostics.LoggingFailureAnalysisReporter.report[] - 

***************************
APPLICATION FAILED TO START
***************************

Description:

Field catalogBrowseService in com.shopspiker.wishlist.service.provider.CatalogBrowseServiceProvider required a bean of type 'com.shopspiker.catalogbrowse.service.CatalogBrowseService' that could not be found.

The injection point has the following annotations:
	- @org.springframework.beans.factory.annotation.Autowired(required=true)


Action:

Consider defining a bean of type 'com.shopspiker.catalogbrowse.service.CatalogBrowseService' in your configuration.

[2023-02-20T23:27:09.009Z] [background-preinit] [INFO ] org.hibernate.validator.internal.util.Version.<clinit>[] - HV000001: Hibernate Validator 6.2.0.Final
[2023-02-20T23:27:09.009Z] [main] [INFO ] org.springframework.boot.StartupInfoLogger.logStarting[] - Starting ShopSpikerApplication using Java 17.0.2 on LAPTOP-VC8DEENM with PID 17476 (D:\shopspiker\shopspiker-backend\build-module\target\classes started by PRADEEP in D:\shopspiker\shopspiker-backend)
[2023-02-20T23:27:09.009Z] [main] [DEBUG] org.springframework.boot.StartupInfoLogger.logStarting[] - Running with Spring Boot v2.6.3, Spring v5.3.15
[2023-02-20T23:27:09.009Z] [main] [INFO ] org.springframework.boot.SpringApplication.logStartupProfileInfo[] - No active profile set, falling back to default profiles: default
[2023-02-20T23:27:10.010Z] [main] [INFO ] org.springframework.data.repository.config.RepositoryConfigurationDelegate.multipleStoresDetected[] - Multiple Spring Data modules found, entering strict repository configuration mode!
[2023-02-20T23:27:10.010Z] [main] [INFO ] org.springframework.data.repository.config.RepositoryConfigurationDelegate.registerRepositoriesIn[] - Bootstrapping Spring Data JPA repositories in DEFAULT mode.
[2023-02-20T23:27:10.010Z] [main] [INFO ] org.springframework.data.repository.config.RepositoryConfigurationDelegate.registerRepositoriesIn[] - Finished Spring Data repository scanning in 164 ms. Found 8 JPA repository interfaces.
[2023-02-20T23:27:11.011Z] [main] [INFO ] org.springframework.data.repository.config.RepositoryConfigurationDelegate.multipleStoresDetected[] - Multiple Spring Data modules found, entering strict repository configuration mode!
[2023-02-20T23:27:11.011Z] [main] [INFO ] org.springframework.data.repository.config.RepositoryConfigurationDelegate.registerRepositoriesIn[] - Bootstrapping Spring Data Redis repositories in DEFAULT mode.
[2023-02-20T23:27:11.011Z] [main] [INFO ] org.springframework.data.repository.config.RepositoryConfigurationDelegate.registerRepositoriesIn[] - Finished Spring Data repository scanning in 2 ms. Found 0 Redis repository interfaces.
[2023-02-20T23:27:12.012Z] [main] [INFO ] org.springframework.boot.web.embedded.tomcat.TomcatWebServer.initialize[] - Tomcat initialized with port(s): 8090 (http)
[2023-02-20T23:27:12.012Z] [main] [INFO ] org.apache.juli.logging.DirectJDKLog.log[] - Initializing ProtocolHandler ["http-nio-8090"]
[2023-02-20T23:27:12.012Z] [main] [INFO ] org.apache.juli.logging.DirectJDKLog.log[] - Starting service [Tomcat]
[2023-02-20T23:27:12.012Z] [main] [INFO ] org.apache.juli.logging.DirectJDKLog.log[] - Starting Servlet engine: [Apache Tomcat/9.0.56]
[2023-02-20T23:27:12.012Z] [main] [INFO ] org.apache.juli.logging.DirectJDKLog.log[] - Initializing Spring embedded WebApplicationContext
[2023-02-20T23:27:12.012Z] [main] [INFO ] org.springframework.boot.web.servlet.context.ServletWebServerApplicationContext.prepareWebApplicationContext[] - Root WebApplicationContext: initialization completed in 2992 ms
[2023-02-20T23:27:13.013Z] [main] [INFO ] org.hibernate.jpa.internal.util.LogHelper.logPersistenceUnitInformation[] - HHH000204: Processing PersistenceUnitInfo [name: default]
[2023-02-20T23:27:13.013Z] [main] [INFO ] org.hibernate.Version.logVersion[] - HHH000412: Hibernate ORM core version 5.6.4.Final
[2023-02-20T23:27:13.013Z] [main] [INFO ] org.hibernate.annotations.common.reflection.java.JavaReflectionManager.<clinit>[] - HCANN000001: Hibernate Commons Annotations {5.1.2.Final}
[2023-02-20T23:27:14.014Z] [main] [INFO ] com.zaxxer.hikari.HikariDataSource.getConnection[] - SHOPSPIKER - Starting...
[2023-02-20T23:27:14.014Z] [main] [INFO ] com.zaxxer.hikari.HikariDataSource.getConnection[] - SHOPSPIKER - Start completed.
[2023-02-20T23:27:14.014Z] [main] [INFO ] org.hibernate.dialect.Dialect.<init>[] - HHH000400: Using dialect: org.hibernate.dialect.MySQL5InnoDBDialect
[2023-02-20T23:27:16.016Z] [main] [INFO ] org.hibernate.engine.transaction.jta.platform.internal.JtaPlatformInitiator.initiateService[] - HHH000490: Using JtaPlatform implementation: [org.hibernate.engine.transaction.jta.platform.internal.NoJtaPlatform]
[2023-02-20T23:27:16.016Z] [main] [INFO ] org.springframework.orm.jpa.AbstractEntityManagerFactoryBean.buildNativeEntityManagerFactory[] - Initialized JPA EntityManagerFactory for persistence unit 'default'
[2023-02-20T23:27:16.016Z] [main] [INFO ] org.springframework.boot.web.servlet.DynamicRegistrationBean.register[] - Filter loggingFilter was not registered (possibly already registered?)
[2023-02-20T23:27:16.016Z] [main] [INFO ] com.shopspiker.site.configuration.SiteDbInitializer.init[] - Inside init() method of SiteDB Initializer
[2023-02-20T23:27:17.017Z] [main] [INFO ] com.shopspiker.auth.configuration.AuthDbInitializer.init[] - Inside init() method of AuthDB Initializer
[2023-02-20T23:27:17.017Z] [main] [WARN ] org.springframework.boot.autoconfigure.orm.jpa.JpaBaseConfiguration$JpaWebConfiguration.openEntityManagerInViewInterceptor[] - spring.jpa.open-in-view is enabled by default. Therefore, database queries may be performed during view rendering. Explicitly configure spring.jpa.open-in-view to disable this warning
[2023-02-20T23:27:20.020Z] [main] [INFO ] org.springframework.boot.autoconfigure.security.servlet.UserDetailsServiceAutoConfiguration.getOrDeducePassword[] - 

Using generated security password: 1c4d4658-8c51-497b-ac29-fb66147ba509

[2023-02-20T23:27:20.020Z] [main] [INFO ] org.springframework.boot.actuate.endpoint.web.EndpointLinksResolver.<init>[] - Exposing 13 endpoint(s) beneath base path '/actuator'
[2023-02-20T23:27:20.020Z] [main] [INFO ] org.springframework.security.web.DefaultSecurityFilterChain.<init>[] - Will secure Ant [pattern='/**'] with [org.springframework.security.web.context.request.async.WebAsyncManagerIntegrationFilter@7daecd21, org.springframework.security.web.context.SecurityContextPersistenceFilter@3e216fc9, org.springframework.security.web.header.HeaderWriterFilter@79b3f1c6, org.springframework.web.filter.CorsFilter@51ba8929, org.springframework.security.web.authentication.logout.LogoutFilter@5409305f, com.shopspiker.auth.web.filter.JwtRequestAuthenticationFilter@4ed90b04, org.springframework.security.web.savedrequest.RequestCacheAwareFilter@12300573, org.springframework.security.web.servletapi.SecurityContextHolderAwareRequestFilter@1215982f, org.springframework.security.web.authentication.AnonymousAuthenticationFilter@30b5225b, org.springframework.security.web.session.SessionManagementFilter@7ce09850, org.springframework.security.web.access.ExceptionTranslationFilter@40aa9bae, org.springframework.security.web.access.intercept.FilterSecurityInterceptor@2f43c73a]
[2023-02-20T23:27:20.020Z] [main] [INFO ] org.apache.juli.logging.DirectJDKLog.log[] - Starting ProtocolHandler ["http-nio-8090"]
[2023-02-20T23:27:20.020Z] [main] [INFO ] org.springframework.boot.web.embedded.tomcat.TomcatWebServer.start[] - Tomcat started on port(s): 8090 (http) with context path ''
[2023-02-20T23:27:20.020Z] [main] [INFO ] org.springframework.boot.StartupInfoLogger.logStarted[] - Started ShopSpikerApplication in 11.305 seconds (JVM running for 11.999)
[2023-02-20T23:31:07.007Z] [http-nio-8090-exec-1] [INFO ] org.apache.juli.logging.DirectJDKLog.log[] - Initializing Spring DispatcherServlet 'dispatcherServlet'
[2023-02-20T23:31:07.007Z] [http-nio-8090-exec-1] [INFO ] org.springframework.web.servlet.FrameworkServlet.initServletBean[] - Initializing Servlet 'dispatcherServlet'
[2023-02-20T23:31:07.007Z] [http-nio-8090-exec-1] [INFO ] org.springframework.web.servlet.FrameworkServlet.initServletBean[] - Completed initialization in 3 ms
[2023-02-20T23:33:38.038Z] [http-nio-8090-exec-7] [INFO ] com.shopspiker.common.web.filter.RequestResponseLoggingFilter.doFilter[] -
###############################################################
[GET] /wishlist/v1/users/01GSR43S1TQMTRF3RSPJ2QW50P/wishlist
HEADERS: UNIQUE_REQUEST_ID=16769216179350a35f8af-b9b8-41f1-98e6-d02c61b3fe6f       ,Authorization=Bearer eyJhbGciOiJIUzUxMiJ9.eyJmaXJzdE5hbWUiOiJhZG1pbiIsInN1YiI6IjAxR1NSNDNTMVRRTVRSRjNSU1BKMlFXNTBQIiwicm9sZXMiOlsiUk9MRV9TVVBFUl9BRE1JTiJdLCJqd3RUb2tlblR5cGUiOiJBQ0NFU1NfVE9LRU4iLCJleHAiOjE2NzY5MjUxNDUsImlhdCI6MTY3NjkyMTU0NX0.pcKFbOPcOxM0zvMNdEiDfu6nakVicIi_YN4F-uc8HOsAtZvyiWKzdlrsxvD-Gle5sn3jOzOJSV6K0IBq2K8cjA
Remote Address: 0:0:0:0:0:0:0:1
Request Body: 
Response Status Code: 400
Response Body: 
###############################################################

[2023-02-20T23:35:55.055Z] [SpringApplicationShutdownHook] [INFO ] org.springframework.orm.jpa.AbstractEntityManagerFactoryBean.destroy[] - Closing JPA EntityManagerFactory for persistence unit 'default'
[2023-02-20T23:35:55.055Z] [SpringApplicationShutdownHook] [INFO ] com.zaxxer.hikari.HikariDataSource.close[] - SHOPSPIKER - Shutdown initiated...
[2023-02-20T23:35:55.055Z] [SpringApplicationShutdownHook] [INFO ] com.zaxxer.hikari.HikariDataSource.close[] - SHOPSPIKER - Shutdown completed.
[2023-02-20T23:36:01.001Z] [background-preinit] [INFO ] org.hibernate.validator.internal.util.Version.<clinit>[] - HV000001: Hibernate Validator 6.2.0.Final
[2023-02-20T23:36:01.001Z] [main] [INFO ] org.springframework.boot.StartupInfoLogger.logStarting[] - Starting ShopSpikerApplication using Java 17.0.2 on LAPTOP-VC8DEENM with PID 10984 (D:\shopspiker\shopspiker-backend\build-module\target\classes started by PRADEEP in D:\shopspiker\shopspiker-backend)
[2023-02-20T23:36:01.001Z] [main] [DEBUG] org.springframework.boot.StartupInfoLogger.logStarting[] - Running with Spring Boot v2.6.3, Spring v5.3.15
[2023-02-20T23:36:01.001Z] [main] [INFO ] org.springframework.boot.SpringApplication.logStartupProfileInfo[] - No active profile set, falling back to default profiles: default
[2023-02-20T23:36:02.002Z] [main] [INFO ] org.springframework.data.repository.config.RepositoryConfigurationDelegate.multipleStoresDetected[] - Multiple Spring Data modules found, entering strict repository configuration mode!
[2023-02-20T23:36:02.002Z] [main] [INFO ] org.springframework.data.repository.config.RepositoryConfigurationDelegate.registerRepositoriesIn[] - Bootstrapping Spring Data JPA repositories in DEFAULT mode.
[2023-02-20T23:36:03.003Z] [main] [INFO ] org.springframework.data.repository.config.RepositoryConfigurationDelegate.registerRepositoriesIn[] - Finished Spring Data repository scanning in 204 ms. Found 8 JPA repository interfaces.
[2023-02-20T23:36:03.003Z] [main] [INFO ] org.springframework.data.repository.config.RepositoryConfigurationDelegate.multipleStoresDetected[] - Multiple Spring Data modules found, entering strict repository configuration mode!
[2023-02-20T23:36:03.003Z] [main] [INFO ] org.springframework.data.repository.config.RepositoryConfigurationDelegate.registerRepositoriesIn[] - Bootstrapping Spring Data Redis repositories in DEFAULT mode.
[2023-02-20T23:36:03.003Z] [main] [INFO ] org.springframework.data.repository.config.RepositoryConfigurationDelegate.registerRepositoriesIn[] - Finished Spring Data repository scanning in 2 ms. Found 0 Redis repository interfaces.
[2023-02-20T23:36:04.004Z] [main] [INFO ] org.springframework.boot.web.embedded.tomcat.TomcatWebServer.initialize[] - Tomcat initialized with port(s): 8090 (http)
[2023-02-20T23:36:04.004Z] [main] [INFO ] org.apache.juli.logging.DirectJDKLog.log[] - Initializing ProtocolHandler ["http-nio-8090"]
[2023-02-20T23:36:04.004Z] [main] [INFO ] org.apache.juli.logging.DirectJDKLog.log[] - Starting service [Tomcat]
[2023-02-20T23:36:04.004Z] [main] [INFO ] org.apache.juli.logging.DirectJDKLog.log[] - Starting Servlet engine: [Apache Tomcat/9.0.56]
[2023-02-20T23:36:04.004Z] [main] [INFO ] org.apache.juli.logging.DirectJDKLog.log[] - Initializing Spring embedded WebApplicationContext
[2023-02-20T23:36:04.004Z] [main] [INFO ] org.springframework.boot.web.servlet.context.ServletWebServerApplicationContext.prepareWebApplicationContext[] - Root WebApplicationContext: initialization completed in 3008 ms
[2023-02-20T23:36:05.005Z] [main] [INFO ] org.hibernate.jpa.internal.util.LogHelper.logPersistenceUnitInformation[] - HHH000204: Processing PersistenceUnitInfo [name: default]
[2023-02-20T23:36:05.005Z] [main] [INFO ] org.hibernate.Version.logVersion[] - HHH000412: Hibernate ORM core version 5.6.4.Final
[2023-02-20T23:36:06.006Z] [main] [INFO ] org.hibernate.annotations.common.reflection.java.JavaReflectionManager.<clinit>[] - HCANN000001: Hibernate Commons Annotations {5.1.2.Final}
[2023-02-20T23:36:06.006Z] [main] [INFO ] com.zaxxer.hikari.HikariDataSource.getConnection[] - SHOPSPIKER - Starting...
[2023-02-20T23:36:06.006Z] [main] [INFO ] com.zaxxer.hikari.HikariDataSource.getConnection[] - SHOPSPIKER - Start completed.
[2023-02-20T23:36:06.006Z] [main] [INFO ] org.hibernate.dialect.Dialect.<init>[] - HHH000400: Using dialect: org.hibernate.dialect.MySQL5InnoDBDialect
[2023-02-20T23:36:08.008Z] [main] [INFO ] org.hibernate.engine.transaction.jta.platform.internal.JtaPlatformInitiator.initiateService[] - HHH000490: Using JtaPlatform implementation: [org.hibernate.engine.transaction.jta.platform.internal.NoJtaPlatform]
[2023-02-20T23:36:08.008Z] [main] [INFO ] org.springframework.orm.jpa.AbstractEntityManagerFactoryBean.buildNativeEntityManagerFactory[] - Initialized JPA EntityManagerFactory for persistence unit 'default'
[2023-02-20T23:36:08.008Z] [main] [INFO ] org.springframework.boot.web.servlet.DynamicRegistrationBean.register[] - Filter loggingFilter was not registered (possibly already registered?)
[2023-02-20T23:36:08.008Z] [main] [INFO ] com.shopspiker.site.configuration.SiteDbInitializer.init[] - Inside init() method of SiteDB Initializer
[2023-02-20T23:36:09.009Z] [main] [INFO ] com.shopspiker.auth.configuration.AuthDbInitializer.init[] - Inside init() method of AuthDB Initializer
[2023-02-20T23:36:09.009Z] [main] [WARN ] org.springframework.boot.autoconfigure.orm.jpa.JpaBaseConfiguration$JpaWebConfiguration.openEntityManagerInViewInterceptor[] - spring.jpa.open-in-view is enabled by default. Therefore, database queries may be performed during view rendering. Explicitly configure spring.jpa.open-in-view to disable this warning
[2023-02-20T23:36:11.011Z] [main] [INFO ] org.springframework.boot.autoconfigure.security.servlet.UserDetailsServiceAutoConfiguration.getOrDeducePassword[] - 

Using generated security password: d48cef7c-705d-4190-9935-708ae371c742

[2023-02-20T23:36:11.011Z] [main] [INFO ] org.springframework.boot.actuate.endpoint.web.EndpointLinksResolver.<init>[] - Exposing 13 endpoint(s) beneath base path '/actuator'
[2023-02-20T23:36:11.011Z] [main] [INFO ] org.springframework.security.web.DefaultSecurityFilterChain.<init>[] - Will secure Ant [pattern='/**'] with [org.springframework.security.web.context.request.async.WebAsyncManagerIntegrationFilter@3b386ba7, org.springframework.security.web.context.SecurityContextPersistenceFilter@43ac1fa0, org.springframework.security.web.header.HeaderWriterFilter@690337df, org.springframework.web.filter.CorsFilter@5a41183b, org.springframework.security.web.authentication.logout.LogoutFilter@3cc148d, com.shopspiker.auth.web.filter.JwtRequestAuthenticationFilter@37f75ebf, org.springframework.security.web.savedrequest.RequestCacheAwareFilter@59f59a0a, org.springframework.security.web.servletapi.SecurityContextHolderAwareRequestFilter@7bfc7533, org.springframework.security.web.authentication.AnonymousAuthenticationFilter@644e9953, org.springframework.security.web.session.SessionManagementFilter@1928930, org.springframework.security.web.access.ExceptionTranslationFilter@3dcc59f5, org.springframework.security.web.access.intercept.FilterSecurityInterceptor@28a821f9]
[2023-02-20T23:36:11.011Z] [main] [INFO ] org.apache.juli.logging.DirectJDKLog.log[] - Starting ProtocolHandler ["http-nio-8090"]
[2023-02-20T23:36:11.011Z] [main] [INFO ] org.springframework.boot.web.embedded.tomcat.TomcatWebServer.start[] - Tomcat started on port(s): 8090 (http) with context path ''
[2023-02-20T23:36:11.011Z] [main] [INFO ] org.springframework.boot.StartupInfoLogger.logStarted[] - Started ShopSpikerApplication in 10.333 seconds (JVM running for 11.007)
[2023-02-20T23:36:36.036Z] [http-nio-8090-exec-2] [INFO ] org.apache.juli.logging.DirectJDKLog.log[] - Initializing Spring DispatcherServlet 'dispatcherServlet'
[2023-02-20T23:36:36.036Z] [http-nio-8090-exec-2] [INFO ] org.springframework.web.servlet.FrameworkServlet.initServletBean[] - Initializing Servlet 'dispatcherServlet'
[2023-02-20T23:36:36.036Z] [http-nio-8090-exec-2] [INFO ] org.springframework.web.servlet.FrameworkServlet.initServletBean[] - Completed initialization in 2 ms
[2023-02-20T23:36:36.036Z] [http-nio-8090-exec-2] [INFO ] com.shopspiker.common.web.filter.RequestResponseLoggingFilter.doFilter[] -
###############################################################
[GET] /wishlist/v1/users/01GSR43S1TQMTRF3RSPJ2QW50P/wishlist
HEADERS: UNIQUE_REQUEST_ID=1676921796057b8c9a832-e22b-4cc4-ae1f-d2ab30dda3ca       ,Authorization=Bearer eyJhbGciOiJIUzUxMiJ9.eyJmaXJzdE5hbWUiOiJhZG1pbiIsInN1YiI6IjAxR1NSNDNTMVRRTVRSRjNSU1BKMlFXNTBQIiwicm9sZXMiOlsiUk9MRV9TVVBFUl9BRE1JTiJdLCJqd3RUb2tlblR5cGUiOiJBQ0NFU1NfVE9LRU4iLCJleHAiOjE2NzY5MjUxNDUsImlhdCI6MTY3NjkyMTU0NX0.pcKFbOPcOxM0zvMNdEiDfu6nakVicIi_YN4F-uc8HOsAtZvyiWKzdlrsxvD-Gle5sn3jOzOJSV6K0IBq2K8cjA
Remote Address: 0:0:0:0:0:0:0:1
Request Body: 
Response Status Code: 400
Response Body: 
###############################################################

[2023-02-20T23:41:56.056Z] [http-nio-8090-exec-4] [INFO ] com.shopspiker.common.web.filter.RequestResponseLoggingFilter.doFilter[] -
###############################################################
[GET] /wishlist/v1/users/01GSR43S1TQMTRF3RSPJ2QW50P/wishlist
HEADERS: UNIQUE_REQUEST_ID=16769221161143fe10179-67c4-4e8e-8f6c-35acc750e962       ,Authorization=Bearer eyJhbGciOiJIUzUxMiJ9.eyJmaXJzdE5hbWUiOiJhZG1pbiIsInN1YiI6IjAxR1NSNDNTMVRRTVRSRjNSU1BKMlFXNTBQIiwicm9sZXMiOlsiUk9MRV9TVVBFUl9BRE1JTiJdLCJqd3RUb2tlblR5cGUiOiJBQ0NFU1NfVE9LRU4iLCJleHAiOjE2NzY5MjUxNDUsImlhdCI6MTY3NjkyMTU0NX0.pcKFbOPcOxM0zvMNdEiDfu6nakVicIi_YN4F-uc8HOsAtZvyiWKzdlrsxvD-Gle5sn3jOzOJSV6K0IBq2K8cjA
Remote Address: 0:0:0:0:0:0:0:1
Request Body: 
Response Status Code: 200
Response Body: []
###############################################################

[2023-02-20T23:50:58.058Z] [SpringApplicationShutdownHook] [INFO ] org.springframework.orm.jpa.AbstractEntityManagerFactoryBean.destroy[] - Closing JPA EntityManagerFactory for persistence unit 'default'
[2023-02-20T23:50:58.058Z] [SpringApplicationShutdownHook] [INFO ] com.zaxxer.hikari.HikariDataSource.close[] - SHOPSPIKER - Shutdown initiated...
[2023-02-20T23:50:58.058Z] [SpringApplicationShutdownHook] [INFO ] com.zaxxer.hikari.HikariDataSource.close[] - SHOPSPIKER - Shutdown completed.
[2023-02-20T23:51:05.005Z] [background-preinit] [INFO ] org.hibernate.validator.internal.util.Version.<clinit>[] - HV000001: Hibernate Validator 6.2.0.Final
[2023-02-20T23:51:05.005Z] [main] [INFO ] org.springframework.boot.StartupInfoLogger.logStarting[] - Starting ShopSpikerApplication using Java 17.0.2 on LAPTOP-VC8DEENM with PID 22828 (D:\shopspiker\shopspiker-backend\build-module\target\classes started by PRADEEP in D:\shopspiker\shopspiker-backend)
[2023-02-20T23:51:05.005Z] [main] [DEBUG] org.springframework.boot.StartupInfoLogger.logStarting[] - Running with Spring Boot v2.6.3, Spring v5.3.15
[2023-02-20T23:51:05.005Z] [main] [INFO ] org.springframework.boot.SpringApplication.logStartupProfileInfo[] - No active profile set, falling back to default profiles: default
[2023-02-20T23:51:06.006Z] [main] [INFO ] org.springframework.data.repository.config.RepositoryConfigurationDelegate.multipleStoresDetected[] - Multiple Spring Data modules found, entering strict repository configuration mode!
[2023-02-20T23:51:06.006Z] [main] [INFO ] org.springframework.data.repository.config.RepositoryConfigurationDelegate.registerRepositoriesIn[] - Bootstrapping Spring Data JPA repositories in DEFAULT mode.
[2023-02-20T23:51:07.007Z] [main] [INFO ] org.springframework.data.repository.config.RepositoryConfigurationDelegate.registerRepositoriesIn[] - Finished Spring Data repository scanning in 174 ms. Found 8 JPA repository interfaces.
[2023-02-20T23:51:07.007Z] [main] [INFO ] org.springframework.data.repository.config.RepositoryConfigurationDelegate.multipleStoresDetected[] - Multiple Spring Data modules found, entering strict repository configuration mode!
[2023-02-20T23:51:07.007Z] [main] [INFO ] org.springframework.data.repository.config.RepositoryConfigurationDelegate.registerRepositoriesIn[] - Bootstrapping Spring Data Redis repositories in DEFAULT mode.
[2023-02-20T23:51:07.007Z] [main] [INFO ] org.springframework.data.repository.config.RepositoryConfigurationDelegate.registerRepositoriesIn[] - Finished Spring Data repository scanning in 2 ms. Found 0 Redis repository interfaces.
[2023-02-20T23:51:08.008Z] [main] [INFO ] org.springframework.boot.web.embedded.tomcat.TomcatWebServer.initialize[] - Tomcat initialized with port(s): 8090 (http)
[2023-02-20T23:51:08.008Z] [main] [INFO ] org.apache.juli.logging.DirectJDKLog.log[] - Initializing ProtocolHandler ["http-nio-8090"]
[2023-02-20T23:51:08.008Z] [main] [INFO ] org.apache.juli.logging.DirectJDKLog.log[] - Starting service [Tomcat]
[2023-02-20T23:51:08.008Z] [main] [INFO ] org.apache.juli.logging.DirectJDKLog.log[] - Starting Servlet engine: [Apache Tomcat/9.0.56]
[2023-02-20T23:51:08.008Z] [main] [INFO ] org.apache.juli.logging.DirectJDKLog.log[] - Initializing Spring embedded WebApplicationContext
[2023-02-20T23:51:08.008Z] [main] [INFO ] org.springframework.boot.web.servlet.context.ServletWebServerApplicationContext.prepareWebApplicationContext[] - Root WebApplicationContext: initialization completed in 2792 ms
[2023-02-20T23:51:09.009Z] [main] [INFO ] org.hibernate.jpa.internal.util.LogHelper.logPersistenceUnitInformation[] - HHH000204: Processing PersistenceUnitInfo [name: default]
[2023-02-20T23:51:09.009Z] [main] [INFO ] org.hibernate.Version.logVersion[] - HHH000412: Hibernate ORM core version 5.6.4.Final
[2023-02-20T23:51:09.009Z] [main] [INFO ] org.hibernate.annotations.common.reflection.java.JavaReflectionManager.<clinit>[] - HCANN000001: Hibernate Commons Annotations {5.1.2.Final}
[2023-02-20T23:51:10.010Z] [main] [INFO ] com.zaxxer.hikari.HikariDataSource.getConnection[] - SHOPSPIKER - Starting...
[2023-02-20T23:51:10.010Z] [main] [INFO ] com.zaxxer.hikari.HikariDataSource.getConnection[] - SHOPSPIKER - Start completed.
[2023-02-20T23:51:10.010Z] [main] [INFO ] org.hibernate.dialect.Dialect.<init>[] - HHH000400: Using dialect: org.hibernate.dialect.MySQL5InnoDBDialect
[2023-02-20T23:51:11.011Z] [main] [INFO ] org.hibernate.engine.transaction.jta.platform.internal.JtaPlatformInitiator.initiateService[] - HHH000490: Using JtaPlatform implementation: [org.hibernate.engine.transaction.jta.platform.internal.NoJtaPlatform]
[2023-02-20T23:51:11.011Z] [main] [INFO ] org.springframework.orm.jpa.AbstractEntityManagerFactoryBean.buildNativeEntityManagerFactory[] - Initialized JPA EntityManagerFactory for persistence unit 'default'
[2023-02-20T23:51:12.012Z] [main] [INFO ] org.springframework.boot.web.servlet.DynamicRegistrationBean.register[] - Filter loggingFilter was not registered (possibly already registered?)
[2023-02-20T23:51:12.012Z] [main] [INFO ] com.shopspiker.site.configuration.SiteDbInitializer.init[] - Inside init() method of SiteDB Initializer
[2023-02-20T23:51:12.012Z] [main] [INFO ] com.shopspiker.auth.configuration.AuthDbInitializer.init[] - Inside init() method of AuthDB Initializer
[2023-02-20T23:51:12.012Z] [main] [WARN ] org.springframework.boot.autoconfigure.orm.jpa.JpaBaseConfiguration$JpaWebConfiguration.openEntityManagerInViewInterceptor[] - spring.jpa.open-in-view is enabled by default. Therefore, database queries may be performed during view rendering. Explicitly configure spring.jpa.open-in-view to disable this warning
[2023-02-20T23:51:15.015Z] [main] [INFO ] org.springframework.boot.autoconfigure.security.servlet.UserDetailsServiceAutoConfiguration.getOrDeducePassword[] - 

Using generated security password: e2921228-2108-4236-a911-537414b4e8c2

[2023-02-20T23:51:15.015Z] [main] [INFO ] org.springframework.boot.actuate.endpoint.web.EndpointLinksResolver.<init>[] - Exposing 13 endpoint(s) beneath base path '/actuator'
[2023-02-20T23:51:15.015Z] [main] [INFO ] org.springframework.security.web.DefaultSecurityFilterChain.<init>[] - Will secure Ant [pattern='/**'] with [org.springframework.security.web.context.request.async.WebAsyncManagerIntegrationFilter@5a41183b, org.springframework.security.web.context.SecurityContextPersistenceFilter@2ba7828b, org.springframework.security.web.header.HeaderWriterFilter@f62ae87, org.springframework.web.filter.CorsFilter@644e9953, org.springframework.security.web.authentication.logout.LogoutFilter@172f88b1, com.shopspiker.auth.web.filter.JwtRequestAuthenticationFilter@4ad57db1, org.springframework.security.web.savedrequest.RequestCacheAwareFilter@2539ab41, org.springframework.security.web.servletapi.SecurityContextHolderAwareRequestFilter@74fa4891, org.springframework.security.web.authentication.AnonymousAuthenticationFilter@4115b8a7, org.springframework.security.web.session.SessionManagementFilter@707b0b9b, org.springframework.security.web.access.ExceptionTranslationFilter@16b1dee7, org.springframework.security.web.access.intercept.FilterSecurityInterceptor@2a4137a2]
[2023-02-20T23:51:15.015Z] [main] [INFO ] org.apache.juli.logging.DirectJDKLog.log[] - Starting ProtocolHandler ["http-nio-8090"]
[2023-02-20T23:51:15.015Z] [main] [INFO ] org.springframework.boot.web.embedded.tomcat.TomcatWebServer.start[] - Tomcat started on port(s): 8090 (http) with context path ''
[2023-02-20T23:51:15.015Z] [main] [INFO ] org.springframework.boot.StartupInfoLogger.logStarted[] - Started ShopSpikerApplication in 10.008 seconds (JVM running for 10.653)
[2023-02-20T23:51:21.021Z] [http-nio-8090-exec-1] [INFO ] org.apache.juli.logging.DirectJDKLog.log[] - Initializing Spring DispatcherServlet 'dispatcherServlet'
[2023-02-20T23:51:21.021Z] [http-nio-8090-exec-1] [INFO ] org.springframework.web.servlet.FrameworkServlet.initServletBean[] - Initializing Servlet 'dispatcherServlet'
[2023-02-20T23:51:21.021Z] [http-nio-8090-exec-1] [INFO ] org.springframework.web.servlet.FrameworkServlet.initServletBean[] - Completed initialization in 11 ms
[2023-02-20T23:51:22.022Z] [http-nio-8090-exec-1] [ERROR] com.shopspiker.common.web.exception.GeneralExceptionHandler.getExceptionResponseEntity[] - errors SS-SITE-ID: Required request header 'SS-SITE-ID' for method parameter type String is not present for path uri=/wishlist/v1/users/01GSR43S1TQMTRF3RSPJ2QW50P/wishlist
[2023-02-20T23:51:22.022Z] [http-nio-8090-exec-1] [INFO ] com.shopspiker.common.web.filter.RequestResponseLoggingFilter.doFilter[] -
###############################################################
[GET] /wishlist/v1/users/01GSR43S1TQMTRF3RSPJ2QW50P/wishlist
HEADERS: UNIQUE_REQUEST_ID=1676922681912f6b8d42d-463a-4762-958e-83bfe1930e52       ,Authorization=Bearer eyJhbGciOiJIUzUxMiJ9.eyJmaXJzdE5hbWUiOiJhZG1pbiIsInN1YiI6IjAxR1NSNDNTMVRRTVRSRjNSU1BKMlFXNTBQIiwicm9sZXMiOlsiUk9MRV9TVVBFUl9BRE1JTiJdLCJqd3RUb2tlblR5cGUiOiJBQ0NFU1NfVE9LRU4iLCJleHAiOjE2NzY5MjUxNDUsImlhdCI6MTY3NjkyMTU0NX0.pcKFbOPcOxM0zvMNdEiDfu6nakVicIi_YN4F-uc8HOsAtZvyiWKzdlrsxvD-Gle5sn3jOzOJSV6K0IBq2K8cjA
Remote Address: 0:0:0:0:0:0:0:1
Request Body: 
Response Status Code: 400
Response Body: {"timestamp":"2023-02-20T19:51:22.770254900Z","status":400,"error":[{"errorCode":"SS-SITE-ID","errorMessage":"Required request header 'SS-SITE-ID' for method parameter type String is not present"}],"type":"MissingRequestHeaderException","path":"uri=/wishlist/v1/users/01GSR43S1TQMTRF3RSPJ2QW50P/wishlist","message":"Invalid request"}
###############################################################

[2023-02-20T23:51:32.032Z] [http-nio-8090-exec-4] [ERROR] com.shopspiker.common.web.exception.GeneralExceptionHandler.getExceptionResponseEntity[] - errors SS-LOCALE: Required request header 'SS-LOCALE' for method parameter type Locale is not present for path uri=/wishlist/v1/users/01GSR43S1TQMTRF3RSPJ2QW50P/wishlist
[2023-02-20T23:51:32.032Z] [http-nio-8090-exec-4] [INFO ] com.shopspiker.common.web.filter.RequestResponseLoggingFilter.doFilter[] -
###############################################################
[GET] /wishlist/v1/users/01GSR43S1TQMTRF3RSPJ2QW50P/wishlist
HEADERS: UNIQUE_REQUEST_ID=16769226927565bf7b250-51ec-4808-b1a6-a925da72f81a       ,Authorization=Bearer eyJhbGciOiJIUzUxMiJ9.eyJmaXJzdE5hbWUiOiJhZG1pbiIsInN1YiI6IjAxR1NSNDNTMVRRTVRSRjNSU1BKMlFXNTBQIiwicm9sZXMiOlsiUk9MRV9TVVBFUl9BRE1JTiJdLCJqd3RUb2tlblR5cGUiOiJBQ0NFU1NfVE9LRU4iLCJleHAiOjE2NzY5MjUxNDUsImlhdCI6MTY3NjkyMTU0NX0.pcKFbOPcOxM0zvMNdEiDfu6nakVicIi_YN4F-uc8HOsAtZvyiWKzdlrsxvD-Gle5sn3jOzOJSV6K0IBq2K8cjA
Remote Address: 0:0:0:0:0:0:0:1
Request Body: 
Response Status Code: 400
Response Body: {"timestamp":"2023-02-20T19:51:32.765575Z","status":400,"error":[{"errorCode":"SS-LOCALE","errorMessage":"Required request header 'SS-LOCALE' for method parameter type Locale is not present"}],"type":"MissingRequestHeaderException","path":"uri=/wishlist/v1/users/01GSR43S1TQMTRF3RSPJ2QW50P/wishlist","message":"Invalid request"}
###############################################################

[2023-02-20T23:51:39.039Z] [http-nio-8090-exec-6] [INFO ] com.shopspiker.common.web.filter.RequestResponseLoggingFilter.doFilter[] -
###############################################################
[GET] /wishlist/v1/users/01GSR43S1TQMTRF3RSPJ2QW50P/wishlist
HEADERS: UNIQUE_REQUEST_ID=1676922699641f20aaad7-ced1-4eda-894e-5c6949e7b3df       ,Authorization=Bearer eyJhbGciOiJIUzUxMiJ9.eyJmaXJzdE5hbWUiOiJhZG1pbiIsInN1YiI6IjAxR1NSNDNTMVRRTVRSRjNSU1BKMlFXNTBQIiwicm9sZXMiOlsiUk9MRV9TVVBFUl9BRE1JTiJdLCJqd3RUb2tlblR5cGUiOiJBQ0NFU1NfVE9LRU4iLCJleHAiOjE2NzY5MjUxNDUsImlhdCI6MTY3NjkyMTU0NX0.pcKFbOPcOxM0zvMNdEiDfu6nakVicIi_YN4F-uc8HOsAtZvyiWKzdlrsxvD-Gle5sn3jOzOJSV6K0IBq2K8cjA
Remote Address: 0:0:0:0:0:0:0:1
Request Body: 
Response Status Code: 200
Response Body: []
###############################################################

[2023-02-20T23:53:09.009Z] [http-nio-8090-exec-9] [ERROR] com.shopspiker.common.web.exception.GeneralExceptionHandler.getExceptionResponseEntity[] - errors productId: Required request header 'productId' for method parameter type String is not present for path uri=/wishlist/v1/users/01GSR43S1TQMTRF3RSPJ2QW50P/wishlist
[2023-02-20T23:53:09.009Z] [http-nio-8090-exec-9] [INFO ] com.shopspiker.common.web.filter.RequestResponseLoggingFilter.doFilter[] -
###############################################################
[PUT] /wishlist/v1/users/01GSR43S1TQMTRF3RSPJ2QW50P/wishlist?productId=123
HEADERS: UNIQUE_REQUEST_ID=16769227892137d37e253-fb16-45db-9711-aa45cfa4f344       ,Authorization=Bearer eyJhbGciOiJIUzUxMiJ9.eyJmaXJzdE5hbWUiOiJhZG1pbiIsInN1YiI6IjAxR1NSNDNTMVRRTVRSRjNSU1BKMlFXNTBQIiwicm9sZXMiOlsiUk9MRV9TVVBFUl9BRE1JTiJdLCJqd3RUb2tlblR5cGUiOiJBQ0NFU1NfVE9LRU4iLCJleHAiOjE2NzY5MjUxNDUsImlhdCI6MTY3NjkyMTU0NX0.pcKFbOPcOxM0zvMNdEiDfu6nakVicIi_YN4F-uc8HOsAtZvyiWKzdlrsxvD-Gle5sn3jOzOJSV6K0IBq2K8cjA
Remote Address: 0:0:0:0:0:0:0:1
Request Body: 
Response Status Code: 400
Response Body: {"timestamp":"2023-02-20T19:53:09.228875200Z","status":400,"error":[{"errorCode":"productId","errorMessage":"Required request header 'productId' for method parameter type String is not present"}],"type":"MissingRequestHeaderException","path":"uri=/wishlist/v1/users/01GSR43S1TQMTRF3RSPJ2QW50P/wishlist","message":"Invalid request"}
###############################################################

[2023-02-20T23:53:16.016Z] [SpringApplicationShutdownHook] [INFO ] org.springframework.orm.jpa.AbstractEntityManagerFactoryBean.destroy[] - Closing JPA EntityManagerFactory for persistence unit 'default'
[2023-02-20T23:53:16.016Z] [SpringApplicationShutdownHook] [INFO ] com.zaxxer.hikari.HikariDataSource.close[] - SHOPSPIKER - Shutdown initiated...
[2023-02-20T23:53:16.016Z] [SpringApplicationShutdownHook] [INFO ] com.zaxxer.hikari.HikariDataSource.close[] - SHOPSPIKER - Shutdown completed.
[2023-02-20T23:53:22.022Z] [background-preinit] [INFO ] org.hibernate.validator.internal.util.Version.<clinit>[] - HV000001: Hibernate Validator 6.2.0.Final
[2023-02-20T23:53:22.022Z] [main] [INFO ] org.springframework.boot.StartupInfoLogger.logStarting[] - Starting ShopSpikerApplication using Java 17.0.2 on LAPTOP-VC8DEENM with PID 6508 (D:\shopspiker\shopspiker-backend\build-module\target\classes started by PRADEEP in D:\shopspiker\shopspiker-backend)
[2023-02-20T23:53:22.022Z] [main] [DEBUG] org.springframework.boot.StartupInfoLogger.logStarting[] - Running with Spring Boot v2.6.3, Spring v5.3.15
[2023-02-20T23:53:22.022Z] [main] [INFO ] org.springframework.boot.SpringApplication.logStartupProfileInfo[] - No active profile set, falling back to default profiles: default
[2023-02-20T23:53:23.023Z] [main] [INFO ] org.springframework.data.repository.config.RepositoryConfigurationDelegate.multipleStoresDetected[] - Multiple Spring Data modules found, entering strict repository configuration mode!
[2023-02-20T23:53:23.023Z] [main] [INFO ] org.springframework.data.repository.config.RepositoryConfigurationDelegate.registerRepositoriesIn[] - Bootstrapping Spring Data JPA repositories in DEFAULT mode.
[2023-02-20T23:53:23.023Z] [main] [INFO ] org.springframework.data.repository.config.RepositoryConfigurationDelegate.registerRepositoriesIn[] - Finished Spring Data repository scanning in 155 ms. Found 8 JPA repository interfaces.
[2023-02-20T23:53:23.023Z] [main] [INFO ] org.springframework.data.repository.config.RepositoryConfigurationDelegate.multipleStoresDetected[] - Multiple Spring Data modules found, entering strict repository configuration mode!
[2023-02-20T23:53:23.023Z] [main] [INFO ] org.springframework.data.repository.config.RepositoryConfigurationDelegate.registerRepositoriesIn[] - Bootstrapping Spring Data Redis repositories in DEFAULT mode.
[2023-02-20T23:53:23.023Z] [main] [INFO ] org.springframework.data.repository.config.RepositoryConfigurationDelegate.registerRepositoriesIn[] - Finished Spring Data repository scanning in 2 ms. Found 0 Redis repository interfaces.
[2023-02-20T23:53:25.025Z] [main] [INFO ] org.springframework.boot.web.embedded.tomcat.TomcatWebServer.initialize[] - Tomcat initialized with port(s): 8090 (http)
[2023-02-20T23:53:25.025Z] [main] [INFO ] org.apache.juli.logging.DirectJDKLog.log[] - Initializing ProtocolHandler ["http-nio-8090"]
[2023-02-20T23:53:25.025Z] [main] [INFO ] org.apache.juli.logging.DirectJDKLog.log[] - Starting service [Tomcat]
[2023-02-20T23:53:25.025Z] [main] [INFO ] org.apache.juli.logging.DirectJDKLog.log[] - Starting Servlet engine: [Apache Tomcat/9.0.56]
[2023-02-20T23:53:25.025Z] [main] [INFO ] org.apache.juli.logging.DirectJDKLog.log[] - Initializing Spring embedded WebApplicationContext
[2023-02-20T23:53:25.025Z] [main] [INFO ] org.springframework.boot.web.servlet.context.ServletWebServerApplicationContext.prepareWebApplicationContext[] - Root WebApplicationContext: initialization completed in 2817 ms
[2023-02-20T23:53:25.025Z] [main] [INFO ] org.hibernate.jpa.internal.util.LogHelper.logPersistenceUnitInformation[] - HHH000204: Processing PersistenceUnitInfo [name: default]
[2023-02-20T23:53:26.026Z] [main] [INFO ] org.hibernate.Version.logVersion[] - HHH000412: Hibernate ORM core version 5.6.4.Final
[2023-02-20T23:53:26.026Z] [main] [INFO ] org.hibernate.annotations.common.reflection.java.JavaReflectionManager.<clinit>[] - HCANN000001: Hibernate Commons Annotations {5.1.2.Final}
[2023-02-20T23:53:26.026Z] [main] [INFO ] com.zaxxer.hikari.HikariDataSource.getConnection[] - SHOPSPIKER - Starting...
[2023-02-20T23:53:26.026Z] [main] [INFO ] com.zaxxer.hikari.HikariDataSource.getConnection[] - SHOPSPIKER - Start completed.
[2023-02-20T23:53:26.026Z] [main] [INFO ] org.hibernate.dialect.Dialect.<init>[] - HHH000400: Using dialect: org.hibernate.dialect.MySQL5InnoDBDialect
[2023-02-20T23:53:27.027Z] [main] [INFO ] org.hibernate.engine.transaction.jta.platform.internal.JtaPlatformInitiator.initiateService[] - HHH000490: Using JtaPlatform implementation: [org.hibernate.engine.transaction.jta.platform.internal.NoJtaPlatform]
[2023-02-20T23:53:27.027Z] [main] [INFO ] org.springframework.orm.jpa.AbstractEntityManagerFactoryBean.buildNativeEntityManagerFactory[] - Initialized JPA EntityManagerFactory for persistence unit 'default'
[2023-02-20T23:53:28.028Z] [main] [INFO ] org.springframework.boot.web.servlet.DynamicRegistrationBean.register[] - Filter loggingFilter was not registered (possibly already registered?)
[2023-02-20T23:53:28.028Z] [main] [INFO ] com.shopspiker.site.configuration.SiteDbInitializer.init[] - Inside init() method of SiteDB Initializer
[2023-02-20T23:53:28.028Z] [main] [INFO ] com.shopspiker.auth.configuration.AuthDbInitializer.init[] - Inside init() method of AuthDB Initializer
[2023-02-20T23:53:28.028Z] [main] [WARN ] org.springframework.boot.autoconfigure.orm.jpa.JpaBaseConfiguration$JpaWebConfiguration.openEntityManagerInViewInterceptor[] - spring.jpa.open-in-view is enabled by default. Therefore, database queries may be performed during view rendering. Explicitly configure spring.jpa.open-in-view to disable this warning
[2023-02-20T23:53:31.031Z] [main] [INFO ] org.springframework.boot.autoconfigure.security.servlet.UserDetailsServiceAutoConfiguration.getOrDeducePassword[] - 

Using generated security password: 76f3ec57-34bb-45a7-9b2c-8d26a2a3ac8b

[2023-02-20T23:53:31.031Z] [main] [INFO ] org.springframework.boot.actuate.endpoint.web.EndpointLinksResolver.<init>[] - Exposing 13 endpoint(s) beneath base path '/actuator'
[2023-02-20T23:53:31.031Z] [main] [INFO ] org.springframework.security.web.DefaultSecurityFilterChain.<init>[] - Will secure Ant [pattern='/**'] with [org.springframework.security.web.context.request.async.WebAsyncManagerIntegrationFilter@42fa1554, org.springframework.security.web.context.SecurityContextPersistenceFilter@5312940c, org.springframework.security.web.header.HeaderWriterFilter@640c8cd, org.springframework.web.filter.CorsFilter@544502d6, org.springframework.security.web.authentication.logout.LogoutFilter@43051a8d, com.shopspiker.auth.web.filter.JwtRequestAuthenticationFilter@4117e0c9, org.springframework.security.web.savedrequest.RequestCacheAwareFilter@37b17938, org.springframework.security.web.servletapi.SecurityContextHolderAwareRequestFilter@18cb7c6, org.springframework.security.web.authentication.AnonymousAuthenticationFilter@382e7f70, org.springframework.security.web.session.SessionManagementFilter@6924ff83, org.springframework.security.web.access.ExceptionTranslationFilter@74fa4891, org.springframework.security.web.access.intercept.FilterSecurityInterceptor@7b2f18cd]
[2023-02-20T23:53:31.031Z] [main] [INFO ] org.apache.juli.logging.DirectJDKLog.log[] - Starting ProtocolHandler ["http-nio-8090"]
[2023-02-20T23:53:31.031Z] [main] [INFO ] org.springframework.boot.web.embedded.tomcat.TomcatWebServer.start[] - Tomcat started on port(s): 8090 (http) with context path ''
[2023-02-20T23:53:31.031Z] [main] [INFO ] org.springframework.boot.StartupInfoLogger.logStarted[] - Started ShopSpikerApplication in 9.656 seconds (JVM running for 10.268)
[2023-02-20T23:53:46.046Z] [http-nio-8090-exec-1] [INFO ] org.apache.juli.logging.DirectJDKLog.log[] - Initializing Spring DispatcherServlet 'dispatcherServlet'
[2023-02-20T23:53:46.046Z] [http-nio-8090-exec-1] [INFO ] org.springframework.web.servlet.FrameworkServlet.initServletBean[] - Initializing Servlet 'dispatcherServlet'
[2023-02-20T23:53:46.046Z] [http-nio-8090-exec-1] [INFO ] org.springframework.web.servlet.FrameworkServlet.initServletBean[] - Completed initialization in 2 ms
[2023-02-20T23:53:47.047Z] [http-nio-8090-exec-1] [INFO ] com.shopspiker.common.web.filter.RequestResponseLoggingFilter.doFilter[] -
###############################################################
[PUT] /wishlist/v1/users/01GSR43S1TQMTRF3RSPJ2QW50P/wishlist?productId=123
HEADERS: UNIQUE_REQUEST_ID=1676922826509c4a9d189-aacf-4703-8827-7e8e672701cb       ,Authorization=Bearer eyJhbGciOiJIUzUxMiJ9.eyJmaXJzdE5hbWUiOiJhZG1pbiIsInN1YiI6IjAxR1NSNDNTMVRRTVRSRjNSU1BKMlFXNTBQIiwicm9sZXMiOlsiUk9MRV9TVVBFUl9BRE1JTiJdLCJqd3RUb2tlblR5cGUiOiJBQ0NFU1NfVE9LRU4iLCJleHAiOjE2NzY5MjUxNDUsImlhdCI6MTY3NjkyMTU0NX0.pcKFbOPcOxM0zvMNdEiDfu6nakVicIi_YN4F-uc8HOsAtZvyiWKzdlrsxvD-Gle5sn3jOzOJSV6K0IBq2K8cjA
Remote Address: 0:0:0:0:0:0:0:1
Request Body: 
Response Status Code: 200
Response Body: {"id":"01GSR5HP596XYW2E2YY8F0B2D1","siteId":"IND","userId":"01GSR43S1TQMTRF3RSPJ2QW50P","productIds":["123"],"auditSection":{"createdAt":"2023-02-20T23:41:56+04:00","updatedAt":"2023-02-20T23:53:47.1839535+04:00","createdBy":"01GSR43S1TQMTRF3RSPJ2QW50P","updatedBy":"01GSR43S1TQMTRF3RSPJ2QW50P"}}
###############################################################

[2023-02-20T23:54:12.012Z] [http-nio-8090-exec-3] [INFO ] com.shopspiker.common.web.filter.RequestResponseLoggingFilter.doFilter[] -
###############################################################
[PUT] /wishlist/v1/users/01GSR43S1TQMTRF3RSPJ2QW50P/wishlist?productId=12355345
HEADERS: UNIQUE_REQUEST_ID=1676922852594272f84e6-3a57-4500-a36b-44c3692eb1db       ,Authorization=Bearer eyJhbGciOiJIUzUxMiJ9.eyJmaXJzdE5hbWUiOiJhZG1pbiIsInN1YiI6IjAxR1NSNDNTMVRRTVRSRjNSU1BKMlFXNTBQIiwicm9sZXMiOlsiUk9MRV9TVVBFUl9BRE1JTiJdLCJqd3RUb2tlblR5cGUiOiJBQ0NFU1NfVE9LRU4iLCJleHAiOjE2NzY5MjUxNDUsImlhdCI6MTY3NjkyMTU0NX0.pcKFbOPcOxM0zvMNdEiDfu6nakVicIi_YN4F-uc8HOsAtZvyiWKzdlrsxvD-Gle5sn3jOzOJSV6K0IBq2K8cjA
Remote Address: 0:0:0:0:0:0:0:1
Request Body: 
Response Status Code: 200
Response Body: {"id":"01GSR5HP596XYW2E2YY8F0B2D1","siteId":"IND","userId":"01GSR43S1TQMTRF3RSPJ2QW50P","productIds":["123","12355345"],"auditSection":{"createdAt":"2023-02-20T23:41:56+04:00","updatedAt":"2023-02-20T23:54:12.6095536+04:00","createdBy":"01GSR43S1TQMTRF3RSPJ2QW50P","updatedBy":"01GSR43S1TQMTRF3RSPJ2QW50P"}}
###############################################################

[2023-02-20T23:54:43.043Z] [http-nio-8090-exec-4] [INFO ] com.shopspiker.common.web.filter.RequestResponseLoggingFilter.doFilter[] -
###############################################################
[DELETE] /wishlist/v1/users/01GSR43S1TQMTRF3RSPJ2QW50P/wishlist?productId=12355345
HEADERS: UNIQUE_REQUEST_ID=1676922883277dd16aeaf-5ec0-453c-99be-96eef83cac8a       ,Authorization=Bearer eyJhbGciOiJIUzUxMiJ9.eyJmaXJzdE5hbWUiOiJhZG1pbiIsInN1YiI6IjAxR1NSNDNTMVRRTVRSRjNSU1BKMlFXNTBQIiwicm9sZXMiOlsiUk9MRV9TVVBFUl9BRE1JTiJdLCJqd3RUb2tlblR5cGUiOiJBQ0NFU1NfVE9LRU4iLCJleHAiOjE2NzY5MjUxNDUsImlhdCI6MTY3NjkyMTU0NX0.pcKFbOPcOxM0zvMNdEiDfu6nakVicIi_YN4F-uc8HOsAtZvyiWKzdlrsxvD-Gle5sn3jOzOJSV6K0IBq2K8cjA
Remote Address: 0:0:0:0:0:0:0:1
Request Body: 
Response Status Code: 200
Response Body: {"id":"01GSR5HP596XYW2E2YY8F0B2D1","siteId":"IND","userId":"01GSR43S1TQMTRF3RSPJ2QW50P","productIds":["123"],"auditSection":{"createdAt":"2023-02-20T23:41:56+04:00","updatedAt":"2023-02-20T23:54:43.2919924+04:00","createdBy":"01GSR43S1TQMTRF3RSPJ2QW50P","updatedBy":"01GSR43S1TQMTRF3RSPJ2QW50P"}}
###############################################################

[2023-02-20T23:55:23.023Z] [http-nio-8090-exec-5] [INFO ] com.shopspiker.common.web.filter.RequestResponseLoggingFilter.doFilter[] -
###############################################################
[GET] /wishlist/v1/wishlist
HEADERS: UNIQUE_REQUEST_ID=1676922923114e364e349-8200-4b1e-a271-52f89c37c9fb       ,Authorization=Bearer eyJhbGciOiJIUzUxMiJ9.eyJmaXJzdE5hbWUiOiJhZG1pbiIsInN1YiI6IjAxR1NSNDNTMVRRTVRSRjNSU1BKMlFXNTBQIiwicm9sZXMiOlsiUk9MRV9TVVBFUl9BRE1JTiJdLCJqd3RUb2tlblR5cGUiOiJBQ0NFU1NfVE9LRU4iLCJleHAiOjE2NzY5MjUxNDUsImlhdCI6MTY3NjkyMTU0NX0.pcKFbOPcOxM0zvMNdEiDfu6nakVicIi_YN4F-uc8HOsAtZvyiWKzdlrsxvD-Gle5sn3jOzOJSV6K0IBq2K8cjA
Remote Address: 0:0:0:0:0:0:0:1
Request Body: 
Response Status Code: 404
Response Body: 
###############################################################

[2023-02-20T23:55:23.023Z] [http-nio-8090-exec-5] [INFO ] com.shopspiker.common.web.filter.RequestResponseLoggingFilter.doFilter[] -
###############################################################
[GET] /error
HEADERS: UNIQUE_REQUEST_ID=1676922923114e364e349-8200-4b1e-a271-52f89c37c9fb       ,Authorization=Bearer eyJhbGciOiJIUzUxMiJ9.eyJmaXJzdE5hbWUiOiJhZG1pbiIsInN1YiI6IjAxR1NSNDNTMVRRTVRSRjNSU1BKMlFXNTBQIiwicm9sZXMiOlsiUk9MRV9TVVBFUl9BRE1JTiJdLCJqd3RUb2tlblR5cGUiOiJBQ0NFU1NfVE9LRU4iLCJleHAiOjE2NzY5MjUxNDUsImlhdCI6MTY3NjkyMTU0NX0.pcKFbOPcOxM0zvMNdEiDfu6nakVicIi_YN4F-uc8HOsAtZvyiWKzdlrsxvD-Gle5sn3jOzOJSV6K0IBq2K8cjA
Remote Address: 0:0:0:0:0:0:0:1
Request Body: 
Response Status Code: 404
Response Body: {"timestamp":"2023-02-20T19:55:23.140+00:00","status":404,"error":"Not Found","path":"/wishlist/v1/wishlist"}
###############################################################

[2023-02-20T23:55:29.029Z] [http-nio-8090-exec-6] [ERROR] com.shopspiker.common.web.exception.GeneralExceptionHandler.handleAllExceptions[] - message: Handler dispatch failed; nested exception is java.lang.NoClassDefFoundError: jakarta/servlet/ServletInputStream 
 requested uri: uri=/wishlist/v1/wishlists
org.springframework.web.util.NestedServletException: Handler dispatch failed; nested exception is java.lang.NoClassDefFoundError: jakarta/servlet/ServletInputStream
	at org.springframework.web.servlet.DispatcherServlet.doDispatch(DispatcherServlet.java:1082)
	at org.springframework.web.servlet.DispatcherServlet.doService(DispatcherServlet.java:963)
	at org.springframework.web.servlet.FrameworkServlet.processRequest(FrameworkServlet.java:1006)
	at org.springframework.web.servlet.FrameworkServlet.doGet(FrameworkServlet.java:898)
	at javax.servlet.http.HttpServlet.service(HttpServlet.java:655)
	at org.springframework.web.servlet.FrameworkServlet.service(FrameworkServlet.java:883)
	at javax.servlet.http.HttpServlet.service(HttpServlet.java:764)
	at org.apache.catalina.core.ApplicationFilterChain.internalDoFilter(ApplicationFilterChain.java:227)
	at org.apache.catalina.core.ApplicationFilterChain.doFilter(ApplicationFilterChain.java:162)
	at org.apache.tomcat.websocket.server.WsFilter.doFilter(WsFilter.java:53)
	at org.apache.catalina.core.ApplicationFilterChain.internalDoFilter(ApplicationFilterChain.java:189)
	at org.apache.catalina.core.ApplicationFilterChain.doFilter(ApplicationFilterChain.java:162)
	at org.springframework.web.filter.OncePerRequestFilter.doFilter(OncePerRequestFilter.java:111)
	at org.apache.catalina.core.ApplicationFilterChain.internalDoFilter(ApplicationFilterChain.java:189)
	at org.apache.catalina.core.ApplicationFilterChain.doFilter(ApplicationFilterChain.java:162)
	at org.springframework.security.web.FilterChainProxy$VirtualFilterChain.doFilter(FilterChainProxy.java:327)
	at org.springframework.security.web.access.intercept.FilterSecurityInterceptor.invoke(FilterSecurityInterceptor.java:115)
	at org.springframework.security.web.access.intercept.FilterSecurityInterceptor.doFilter(FilterSecurityInterceptor.java:81)
	at org.springframework.security.web.FilterChainProxy$VirtualFilterChain.doFilter(FilterChainProxy.java:336)
	at org.springframework.security.web.access.ExceptionTranslationFilter.doFilter(ExceptionTranslationFilter.java:122)
	at org.springframework.security.web.access.ExceptionTranslationFilter.doFilter(ExceptionTranslationFilter.java:116)
	at org.springframework.security.web.FilterChainProxy$VirtualFilterChain.doFilter(FilterChainProxy.java:336)
	at org.springframework.security.web.session.SessionManagementFilter.doFilter(SessionManagementFilter.java:126)
	at org.springframework.security.web.session.SessionManagementFilter.doFilter(SessionManagementFilter.java:81)
	at org.springframework.security.web.FilterChainProxy$VirtualFilterChain.doFilter(FilterChainProxy.java:336)
	at org.springframework.security.web.authentication.AnonymousAuthenticationFilter.doFilter(AnonymousAuthenticationFilter.java:109)
	at org.springframework.security.web.FilterChainProxy$VirtualFilterChain.doFilter(FilterChainProxy.java:336)
	at org.springframework.security.web.servletapi.SecurityContextHolderAwareRequestFilter.doFilter(SecurityContextHolderAwareRequestFilter.java:149)
	at org.springframework.security.web.FilterChainProxy$VirtualFilterChain.doFilter(FilterChainProxy.java:336)
	at org.springframework.security.web.savedrequest.RequestCacheAwareFilter.doFilter(RequestCacheAwareFilter.java:63)
	at org.springframework.security.web.FilterChainProxy$VirtualFilterChain.doFilter(FilterChainProxy.java:336)
	at com.shopspiker.auth.web.filter.JwtRequestAuthenticationFilter.doFilterInternal(JwtRequestAuthenticationFilter.java:61)
	at org.springframework.web.filter.OncePerRequestFilter.doFilter(OncePerRequestFilter.java:117)
	at org.springframework.security.web.FilterChainProxy$VirtualFilterChain.doFilter(FilterChainProxy.java:336)
	at org.springframework.security.web.authentication.logout.LogoutFilter.doFilter(LogoutFilter.java:103)
	at org.springframework.security.web.authentication.logout.LogoutFilter.doFilter(LogoutFilter.java:89)
	at org.springframework.security.web.FilterChainProxy$VirtualFilterChain.doFilter(FilterChainProxy.java:336)
	at org.springframework.web.filter.CorsFilter.doFilterInternal(CorsFilter.java:91)
	at org.springframework.web.filter.OncePerRequestFilter.doFilter(OncePerRequestFilter.java:117)
	at org.springframework.security.web.FilterChainProxy$VirtualFilterChain.doFilter(FilterChainProxy.java:336)
	at org.springframework.security.web.header.HeaderWriterFilter.doHeadersAfter(HeaderWriterFilter.java:90)
	at org.springframework.security.web.header.HeaderWriterFilter.doFilterInternal(HeaderWriterFilter.java:75)
	at org.springframework.web.filter.OncePerRequestFilter.doFilter(OncePerRequestFilter.java:117)
	at org.springframework.security.web.FilterChainProxy$VirtualFilterChain.doFilter(FilterChainProxy.java:336)
	at org.springframework.security.web.context.SecurityContextPersistenceFilter.doFilter(SecurityContextPersistenceFilter.java:110)
	at org.springframework.security.web.context.SecurityContextPersistenceFilter.doFilter(SecurityContextPersistenceFilter.java:80)
	at org.springframework.security.web.FilterChainProxy$VirtualFilterChain.doFilter(FilterChainProxy.java:336)
	at org.springframework.security.web.context.request.async.WebAsyncManagerIntegrationFilter.doFilterInternal(WebAsyncManagerIntegrationFilter.java:55)
	at org.springframework.web.filter.OncePerRequestFilter.doFilter(OncePerRequestFilter.java:117)
	at org.springframework.security.web.FilterChainProxy$VirtualFilterChain.doFilter(FilterChainProxy.java:336)
	at org.springframework.security.web.FilterChainProxy.doFilterInternal(FilterChainProxy.java:211)
	at org.springframework.security.web.FilterChainProxy.doFilter(FilterChainProxy.java:183)
	at org.springframework.web.filter.DelegatingFilterProxy.invokeDelegate(DelegatingFilterProxy.java:354)
	at org.springframework.web.filter.DelegatingFilterProxy.doFilter(DelegatingFilterProxy.java:267)
	at org.apache.catalina.core.ApplicationFilterChain.internalDoFilter(ApplicationFilterChain.java:189)
	at org.apache.catalina.core.ApplicationFilterChain.doFilter(ApplicationFilterChain.java:162)
	at org.springframework.web.filter.RequestContextFilter.doFilterInternal(RequestContextFilter.java:100)
	at org.springframework.web.filter.OncePerRequestFilter.doFilter(OncePerRequestFilter.java:117)
	at org.apache.catalina.core.ApplicationFilterChain.internalDoFilter(ApplicationFilterChain.java:189)
	at org.apache.catalina.core.ApplicationFilterChain.doFilter(ApplicationFilterChain.java:162)
	at org.springframework.web.filter.FormContentFilter.doFilterInternal(FormContentFilter.java:93)
	at org.springframework.web.filter.OncePerRequestFilter.doFilter(OncePerRequestFilter.java:117)
	at org.apache.catalina.core.ApplicationFilterChain.internalDoFilter(ApplicationFilterChain.java:189)
	at org.apache.catalina.core.ApplicationFilterChain.doFilter(ApplicationFilterChain.java:162)
	at org.springframework.boot.actuate.metrics.web.servlet.WebMvcMetricsFilter.doFilterInternal(WebMvcMetricsFilter.java:96)
	at org.springframework.web.filter.OncePerRequestFilter.doFilter(OncePerRequestFilter.java:117)
	at org.apache.catalina.core.ApplicationFilterChain.internalDoFilter(ApplicationFilterChain.java:189)
	at org.apache.catalina.core.ApplicationFilterChain.doFilter(ApplicationFilterChain.java:162)
	at org.springframework.web.filter.CharacterEncodingFilter.doFilterInternal(CharacterEncodingFilter.java:201)
	at org.springframework.web.filter.OncePerRequestFilter.doFilter(OncePerRequestFilter.java:117)
	at org.apache.catalina.core.ApplicationFilterChain.internalDoFilter(ApplicationFilterChain.java:189)
	at org.apache.catalina.core.ApplicationFilterChain.doFilter(ApplicationFilterChain.java:162)
	at com.shopspiker.common.web.filter.RequestResponseLoggingFilter.doFilter(LoggingFilter.java:73)
	at org.apache.catalina.core.ApplicationFilterChain.internalDoFilter(ApplicationFilterChain.java:189)
	at org.apache.catalina.core.ApplicationFilterChain.doFilter(ApplicationFilterChain.java:162)
	at org.apache.catalina.core.StandardWrapperValve.invoke(StandardWrapperValve.java:197)
	at org.apache.catalina.core.StandardContextValve.invoke(StandardContextValve.java:97)
	at org.apache.catalina.authenticator.AuthenticatorBase.invoke(AuthenticatorBase.java:540)
	at org.apache.catalina.core.StandardHostValve.invoke(StandardHostValve.java:135)
	at org.apache.catalina.valves.ErrorReportValve.invoke(ErrorReportValve.java:92)
	at org.apache.catalina.core.StandardEngineValve.invoke(StandardEngineValve.java:78)
	at org.apache.catalina.connector.CoyoteAdapter.service(CoyoteAdapter.java:357)
	at org.apache.coyote.http11.Http11Processor.service(Http11Processor.java:382)
	at org.apache.coyote.AbstractProcessorLight.process(AbstractProcessorLight.java:65)
	at org.apache.coyote.AbstractProtocol$ConnectionHandler.process(AbstractProtocol.java:895)
	at org.apache.tomcat.util.net.NioEndpoint$SocketProcessor.doRun(NioEndpoint.java:1732)
	at org.apache.tomcat.util.net.SocketProcessorBase.run(SocketProcessorBase.java:49)
	at org.apache.tomcat.util.threads.ThreadPoolExecutor.runWorker(ThreadPoolExecutor.java:1191)
	at org.apache.tomcat.util.threads.ThreadPoolExecutor$Worker.run(ThreadPoolExecutor.java:659)
	at org.apache.tomcat.util.threads.TaskThread$WrappingRunnable.run(TaskThread.java:61)
	at java.base/java.lang.Thread.run(Thread.java:833)
Caused by: java.lang.NoClassDefFoundError: jakarta/servlet/ServletInputStream
	at net.kaczmarzyk.spring.data.jpa.web.SpecificationArgumentResolver.resolveArgument(SpecificationArgumentResolver.java:83)
	at org.springframework.web.method.support.HandlerMethodArgumentResolverComposite.resolveArgument(HandlerMethodArgumentResolverComposite.java:122)
	at org.springframework.web.method.support.InvocableHandlerMethod.getMethodArgumentValues(InvocableHandlerMethod.java:179)
	at org.springframework.web.method.support.InvocableHandlerMethod.invokeForRequest(InvocableHandlerMethod.java:146)
	at org.springframework.web.servlet.mvc.method.annotation.ServletInvocableHandlerMethod.invokeAndHandle(ServletInvocableHandlerMethod.java:117)
	at org.springframework.web.servlet.mvc.method.annotation.RequestMappingHandlerAdapter.invokeHandlerMethod(RequestMappingHandlerAdapter.java:895)
	at org.springframework.web.servlet.mvc.method.annotation.RequestMappingHandlerAdapter.handleInternal(RequestMappingHandlerAdapter.java:808)
	at org.springframework.web.servlet.mvc.method.AbstractHandlerMethodAdapter.handle(AbstractHandlerMethodAdapter.java:87)
	at org.springframework.web.servlet.DispatcherServlet.doDispatch(DispatcherServlet.java:1067)
	... 90 common frames omitted
Caused by: java.lang.ClassNotFoundException: jakarta.servlet.ServletInputStream
	at java.base/jdk.internal.loader.BuiltinClassLoader.loadClass(BuiltinClassLoader.java:641)
	at java.base/jdk.internal.loader.ClassLoaders$AppClassLoader.loadClass(ClassLoaders.java:188)
	at java.base/java.lang.ClassLoader.loadClass(ClassLoader.java:520)
	... 99 common frames omitted
[2023-02-20T23:55:29.029Z] [http-nio-8090-exec-6] [ERROR] com.shopspiker.common.web.exception.GeneralExceptionHandler.getExceptionResponseEntity[] - errors Handler dispatch failed; nested exception is java.lang.NoClassDefFoundError: jakarta/servlet/ServletInputStream for path uri=/wishlist/v1/wishlists
[2023-02-20T23:55:29.029Z] [http-nio-8090-exec-6] [INFO ] com.shopspiker.common.web.filter.RequestResponseLoggingFilter.doFilter[] -
###############################################################
[GET] /wishlist/v1/wishlists
HEADERS: UNIQUE_REQUEST_ID=1676922929765adb4443c-99d1-4d77-8619-e5c32c2d2ab3       ,Authorization=Bearer eyJhbGciOiJIUzUxMiJ9.eyJmaXJzdE5hbWUiOiJhZG1pbiIsInN1YiI6IjAxR1NSNDNTMVRRTVRSRjNSU1BKMlFXNTBQIiwicm9sZXMiOlsiUk9MRV9TVVBFUl9BRE1JTiJdLCJqd3RUb2tlblR5cGUiOiJBQ0NFU1NfVE9LRU4iLCJleHAiOjE2NzY5MjUxNDUsImlhdCI6MTY3NjkyMTU0NX0.pcKFbOPcOxM0zvMNdEiDfu6nakVicIi_YN4F-uc8HOsAtZvyiWKzdlrsxvD-Gle5sn3jOzOJSV6K0IBq2K8cjA
Remote Address: 0:0:0:0:0:0:0:1
Request Body: 
Response Status Code: 500
Response Body: {"timestamp":"2023-02-20T19:55:29.795313200Z","status":500,"error":[{"errorCode":"Handler dispatch failed; nested exception is java.lang.NoClassDefFoundError","errorMessage":"jakarta/servlet/ServletInputStream"}],"type":"NestedServletException","path":"uri=/wishlist/v1/wishlists","message":"Internal Server Error"}
###############################################################

[2023-02-20T23:56:06.006Z] [http-nio-8090-exec-8] [ERROR] com.shopspiker.common.web.exception.GeneralExceptionHandler.handleAllExceptions[] - message: Handler dispatch failed; nested exception is java.lang.NoClassDefFoundError: jakarta/servlet/ServletInputStream 
 requested uri: uri=/wishlist/v1/wishlists
org.springframework.web.util.NestedServletException: Handler dispatch failed; nested exception is java.lang.NoClassDefFoundError: jakarta/servlet/ServletInputStream
	at org.springframework.web.servlet.DispatcherServlet.doDispatch(DispatcherServlet.java:1082)
	at org.springframework.web.servlet.DispatcherServlet.doService(DispatcherServlet.java:963)
	at org.springframework.web.servlet.FrameworkServlet.processRequest(FrameworkServlet.java:1006)
	at org.springframework.web.servlet.FrameworkServlet.doGet(FrameworkServlet.java:898)
	at javax.servlet.http.HttpServlet.service(HttpServlet.java:655)
	at org.springframework.web.servlet.FrameworkServlet.service(FrameworkServlet.java:883)
	at javax.servlet.http.HttpServlet.service(HttpServlet.java:764)
	at org.apache.catalina.core.ApplicationFilterChain.internalDoFilter(ApplicationFilterChain.java:227)
	at org.apache.catalina.core.ApplicationFilterChain.doFilter(ApplicationFilterChain.java:162)
	at org.apache.tomcat.websocket.server.WsFilter.doFilter(WsFilter.java:53)
	at org.apache.catalina.core.ApplicationFilterChain.internalDoFilter(ApplicationFilterChain.java:189)
	at org.apache.catalina.core.ApplicationFilterChain.doFilter(ApplicationFilterChain.java:162)
	at org.springframework.web.filter.OncePerRequestFilter.doFilter(OncePerRequestFilter.java:111)
	at org.apache.catalina.core.ApplicationFilterChain.internalDoFilter(ApplicationFilterChain.java:189)
	at org.apache.catalina.core.ApplicationFilterChain.doFilter(ApplicationFilterChain.java:162)
	at org.springframework.security.web.FilterChainProxy$VirtualFilterChain.doFilter(FilterChainProxy.java:327)
	at org.springframework.security.web.access.intercept.FilterSecurityInterceptor.invoke(FilterSecurityInterceptor.java:115)
	at org.springframework.security.web.access.intercept.FilterSecurityInterceptor.doFilter(FilterSecurityInterceptor.java:81)
	at org.springframework.security.web.FilterChainProxy$VirtualFilterChain.doFilter(FilterChainProxy.java:336)
	at org.springframework.security.web.access.ExceptionTranslationFilter.doFilter(ExceptionTranslationFilter.java:122)
	at org.springframework.security.web.access.ExceptionTranslationFilter.doFilter(ExceptionTranslationFilter.java:116)
	at org.springframework.security.web.FilterChainProxy$VirtualFilterChain.doFilter(FilterChainProxy.java:336)
	at org.springframework.security.web.session.SessionManagementFilter.doFilter(SessionManagementFilter.java:126)
	at org.springframework.security.web.session.SessionManagementFilter.doFilter(SessionManagementFilter.java:81)
	at org.springframework.security.web.FilterChainProxy$VirtualFilterChain.doFilter(FilterChainProxy.java:336)
	at org.springframework.security.web.authentication.AnonymousAuthenticationFilter.doFilter(AnonymousAuthenticationFilter.java:109)
	at org.springframework.security.web.FilterChainProxy$VirtualFilterChain.doFilter(FilterChainProxy.java:336)
	at org.springframework.security.web.servletapi.SecurityContextHolderAwareRequestFilter.doFilter(SecurityContextHolderAwareRequestFilter.java:149)
	at org.springframework.security.web.FilterChainProxy$VirtualFilterChain.doFilter(FilterChainProxy.java:336)
	at org.springframework.security.web.savedrequest.RequestCacheAwareFilter.doFilter(RequestCacheAwareFilter.java:63)
	at org.springframework.security.web.FilterChainProxy$VirtualFilterChain.doFilter(FilterChainProxy.java:336)
	at com.shopspiker.auth.web.filter.JwtRequestAuthenticationFilter.doFilterInternal(JwtRequestAuthenticationFilter.java:61)
	at org.springframework.web.filter.OncePerRequestFilter.doFilter(OncePerRequestFilter.java:117)
	at org.springframework.security.web.FilterChainProxy$VirtualFilterChain.doFilter(FilterChainProxy.java:336)
	at org.springframework.security.web.authentication.logout.LogoutFilter.doFilter(LogoutFilter.java:103)
	at org.springframework.security.web.authentication.logout.LogoutFilter.doFilter(LogoutFilter.java:89)
	at org.springframework.security.web.FilterChainProxy$VirtualFilterChain.doFilter(FilterChainProxy.java:336)
	at org.springframework.web.filter.CorsFilter.doFilterInternal(CorsFilter.java:91)
	at org.springframework.web.filter.OncePerRequestFilter.doFilter(OncePerRequestFilter.java:117)
	at org.springframework.security.web.FilterChainProxy$VirtualFilterChain.doFilter(FilterChainProxy.java:336)
	at org.springframework.security.web.header.HeaderWriterFilter.doHeadersAfter(HeaderWriterFilter.java:90)
	at org.springframework.security.web.header.HeaderWriterFilter.doFilterInternal(HeaderWriterFilter.java:75)
	at org.springframework.web.filter.OncePerRequestFilter.doFilter(OncePerRequestFilter.java:117)
	at org.springframework.security.web.FilterChainProxy$VirtualFilterChain.doFilter(FilterChainProxy.java:336)
	at org.springframework.security.web.context.SecurityContextPersistenceFilter.doFilter(SecurityContextPersistenceFilter.java:110)
	at org.springframework.security.web.context.SecurityContextPersistenceFilter.doFilter(SecurityContextPersistenceFilter.java:80)
	at org.springframework.security.web.FilterChainProxy$VirtualFilterChain.doFilter(FilterChainProxy.java:336)
	at org.springframework.security.web.context.request.async.WebAsyncManagerIntegrationFilter.doFilterInternal(WebAsyncManagerIntegrationFilter.java:55)
	at org.springframework.web.filter.OncePerRequestFilter.doFilter(OncePerRequestFilter.java:117)
	at org.springframework.security.web.FilterChainProxy$VirtualFilterChain.doFilter(FilterChainProxy.java:336)
	at org.springframework.security.web.FilterChainProxy.doFilterInternal(FilterChainProxy.java:211)
	at org.springframework.security.web.FilterChainProxy.doFilter(FilterChainProxy.java:183)
	at org.springframework.web.filter.DelegatingFilterProxy.invokeDelegate(DelegatingFilterProxy.java:354)
	at org.springframework.web.filter.DelegatingFilterProxy.doFilter(DelegatingFilterProxy.java:267)
	at org.apache.catalina.core.ApplicationFilterChain.internalDoFilter(ApplicationFilterChain.java:189)
	at org.apache.catalina.core.ApplicationFilterChain.doFilter(ApplicationFilterChain.java:162)
	at org.springframework.web.filter.RequestContextFilter.doFilterInternal(RequestContextFilter.java:100)
	at org.springframework.web.filter.OncePerRequestFilter.doFilter(OncePerRequestFilter.java:117)
	at org.apache.catalina.core.ApplicationFilterChain.internalDoFilter(ApplicationFilterChain.java:189)
	at org.apache.catalina.core.ApplicationFilterChain.doFilter(ApplicationFilterChain.java:162)
	at org.springframework.web.filter.FormContentFilter.doFilterInternal(FormContentFilter.java:93)
	at org.springframework.web.filter.OncePerRequestFilter.doFilter(OncePerRequestFilter.java:117)
	at org.apache.catalina.core.ApplicationFilterChain.internalDoFilter(ApplicationFilterChain.java:189)
	at org.apache.catalina.core.ApplicationFilterChain.doFilter(ApplicationFilterChain.java:162)
	at org.springframework.boot.actuate.metrics.web.servlet.WebMvcMetricsFilter.doFilterInternal(WebMvcMetricsFilter.java:96)
	at org.springframework.web.filter.OncePerRequestFilter.doFilter(OncePerRequestFilter.java:117)
	at org.apache.catalina.core.ApplicationFilterChain.internalDoFilter(ApplicationFilterChain.java:189)
	at org.apache.catalina.core.ApplicationFilterChain.doFilter(ApplicationFilterChain.java:162)
	at org.springframework.web.filter.CharacterEncodingFilter.doFilterInternal(CharacterEncodingFilter.java:201)
	at org.springframework.web.filter.OncePerRequestFilter.doFilter(OncePerRequestFilter.java:117)
	at org.apache.catalina.core.ApplicationFilterChain.internalDoFilter(ApplicationFilterChain.java:189)
	at org.apache.catalina.core.ApplicationFilterChain.doFilter(ApplicationFilterChain.java:162)
	at com.shopspiker.common.web.filter.RequestResponseLoggingFilter.doFilter(LoggingFilter.java:73)
	at org.apache.catalina.core.ApplicationFilterChain.internalDoFilter(ApplicationFilterChain.java:189)
	at org.apache.catalina.core.ApplicationFilterChain.doFilter(ApplicationFilterChain.java:162)
	at org.apache.catalina.core.StandardWrapperValve.invoke(StandardWrapperValve.java:197)
	at org.apache.catalina.core.StandardContextValve.invoke(StandardContextValve.java:97)
	at org.apache.catalina.authenticator.AuthenticatorBase.invoke(AuthenticatorBase.java:540)
	at org.apache.catalina.core.StandardHostValve.invoke(StandardHostValve.java:135)
	at org.apache.catalina.valves.ErrorReportValve.invoke(ErrorReportValve.java:92)
	at org.apache.catalina.core.StandardEngineValve.invoke(StandardEngineValve.java:78)
	at org.apache.catalina.connector.CoyoteAdapter.service(CoyoteAdapter.java:357)
	at org.apache.coyote.http11.Http11Processor.service(Http11Processor.java:382)
	at org.apache.coyote.AbstractProcessorLight.process(AbstractProcessorLight.java:65)
	at org.apache.coyote.AbstractProtocol$ConnectionHandler.process(AbstractProtocol.java:895)
	at org.apache.tomcat.util.net.NioEndpoint$SocketProcessor.doRun(NioEndpoint.java:1732)
	at org.apache.tomcat.util.net.SocketProcessorBase.run(SocketProcessorBase.java:49)
	at org.apache.tomcat.util.threads.ThreadPoolExecutor.runWorker(ThreadPoolExecutor.java:1191)
	at org.apache.tomcat.util.threads.ThreadPoolExecutor$Worker.run(ThreadPoolExecutor.java:659)
	at org.apache.tomcat.util.threads.TaskThread$WrappingRunnable.run(TaskThread.java:61)
	at java.base/java.lang.Thread.run(Thread.java:833)
Caused by: java.lang.NoClassDefFoundError: jakarta/servlet/ServletInputStream
	at net.kaczmarzyk.spring.data.jpa.web.SpecificationArgumentResolver.resolveArgument(SpecificationArgumentResolver.java:83)
	at org.springframework.web.method.support.HandlerMethodArgumentResolverComposite.resolveArgument(HandlerMethodArgumentResolverComposite.java:122)
	at org.springframework.web.method.support.InvocableHandlerMethod.getMethodArgumentValues(InvocableHandlerMethod.java:179)
	at org.springframework.web.method.support.InvocableHandlerMethod.invokeForRequest(InvocableHandlerMethod.java:146)
	at org.springframework.web.servlet.mvc.method.annotation.ServletInvocableHandlerMethod.invokeAndHandle(ServletInvocableHandlerMethod.java:117)
	at org.springframework.web.servlet.mvc.method.annotation.RequestMappingHandlerAdapter.invokeHandlerMethod(RequestMappingHandlerAdapter.java:895)
	at org.springframework.web.servlet.mvc.method.annotation.RequestMappingHandlerAdapter.handleInternal(RequestMappingHandlerAdapter.java:808)
	at org.springframework.web.servlet.mvc.method.AbstractHandlerMethodAdapter.handle(AbstractHandlerMethodAdapter.java:87)
	at org.springframework.web.servlet.DispatcherServlet.doDispatch(DispatcherServlet.java:1067)
	... 90 common frames omitted
Caused by: java.lang.ClassNotFoundException: jakarta.servlet.ServletInputStream
	at java.base/jdk.internal.loader.BuiltinClassLoader.loadClass(BuiltinClassLoader.java:641)
	at java.base/jdk.internal.loader.ClassLoaders$AppClassLoader.loadClass(ClassLoaders.java:188)
	at java.base/java.lang.ClassLoader.loadClass(ClassLoader.java:520)
	... 99 common frames omitted
[2023-02-20T23:56:06.006Z] [http-nio-8090-exec-8] [ERROR] com.shopspiker.common.web.exception.GeneralExceptionHandler.getExceptionResponseEntity[] - errors Handler dispatch failed; nested exception is java.lang.NoClassDefFoundError: jakarta/servlet/ServletInputStream for path uri=/wishlist/v1/wishlists
[2023-02-20T23:56:06.006Z] [http-nio-8090-exec-8] [INFO ] com.shopspiker.common.web.filter.RequestResponseLoggingFilter.doFilter[] -
###############################################################
[GET] /wishlist/v1/wishlists
HEADERS: UNIQUE_REQUEST_ID=16769229668515d29b725-fa88-418b-a34d-3c499a713ae1       ,Authorization=Bearer eyJhbGciOiJIUzUxMiJ9.eyJmaXJzdE5hbWUiOiJhZG1pbiIsInN1YiI6IjAxR1NSNDNTMVRRTVRSRjNSU1BKMlFXNTBQIiwicm9sZXMiOlsiUk9MRV9TVVBFUl9BRE1JTiJdLCJqd3RUb2tlblR5cGUiOiJBQ0NFU1NfVE9LRU4iLCJleHAiOjE2NzY5MjUxNDUsImlhdCI6MTY3NjkyMTU0NX0.pcKFbOPcOxM0zvMNdEiDfu6nakVicIi_YN4F-uc8HOsAtZvyiWKzdlrsxvD-Gle5sn3jOzOJSV6K0IBq2K8cjA
Remote Address: 0:0:0:0:0:0:0:1
Request Body: 
Response Status Code: 500
Response Body: {"timestamp":"2023-02-20T19:56:06.859915900Z","status":500,"error":[{"errorCode":"Handler dispatch failed; nested exception is java.lang.NoClassDefFoundError","errorMessage":"jakarta/servlet/ServletInputStream"}],"type":"NestedServletException","path":"uri=/wishlist/v1/wishlists","message":"Internal Server Error"}
###############################################################

[2023-02-20T23:56:20.020Z] [SpringApplicationShutdownHook] [INFO ] org.springframework.orm.jpa.AbstractEntityManagerFactoryBean.destroy[] - Closing JPA EntityManagerFactory for persistence unit 'default'
[2023-02-20T23:56:20.020Z] [SpringApplicationShutdownHook] [INFO ] com.zaxxer.hikari.HikariDataSource.close[] - SHOPSPIKER - Shutdown initiated...
[2023-02-20T23:56:20.020Z] [SpringApplicationShutdownHook] [INFO ] com.zaxxer.hikari.HikariDataSource.close[] - SHOPSPIKER - Shutdown completed.
[2023-02-20T23:56:25.025Z] [background-preinit] [INFO ] org.hibernate.validator.internal.util.Version.<clinit>[] - HV000001: Hibernate Validator 6.2.0.Final
[2023-02-20T23:56:25.025Z] [main] [INFO ] org.springframework.boot.StartupInfoLogger.logStarting[] - Starting ShopSpikerApplication using Java 17.0.2 on LAPTOP-VC8DEENM with PID 21648 (D:\shopspiker\shopspiker-backend\build-module\target\classes started by PRADEEP in D:\shopspiker\shopspiker-backend)
[2023-02-20T23:56:25.025Z] [main] [DEBUG] org.springframework.boot.StartupInfoLogger.logStarting[] - Running with Spring Boot v2.6.3, Spring v5.3.15
[2023-02-20T23:56:25.025Z] [main] [INFO ] org.springframework.boot.SpringApplication.logStartupProfileInfo[] - No active profile set, falling back to default profiles: default
[2023-02-20T23:56:26.026Z] [main] [INFO ] org.springframework.data.repository.config.RepositoryConfigurationDelegate.multipleStoresDetected[] - Multiple Spring Data modules found, entering strict repository configuration mode!
[2023-02-20T23:56:26.026Z] [main] [INFO ] org.springframework.data.repository.config.RepositoryConfigurationDelegate.registerRepositoriesIn[] - Bootstrapping Spring Data JPA repositories in DEFAULT mode.
[2023-02-20T23:56:26.026Z] [main] [INFO ] org.springframework.data.repository.config.RepositoryConfigurationDelegate.registerRepositoriesIn[] - Finished Spring Data repository scanning in 192 ms. Found 8 JPA repository interfaces.
[2023-02-20T23:56:27.027Z] [main] [INFO ] org.springframework.data.repository.config.RepositoryConfigurationDelegate.multipleStoresDetected[] - Multiple Spring Data modules found, entering strict repository configuration mode!
[2023-02-20T23:56:27.027Z] [main] [INFO ] org.springframework.data.repository.config.RepositoryConfigurationDelegate.registerRepositoriesIn[] - Bootstrapping Spring Data Redis repositories in DEFAULT mode.
[2023-02-20T23:56:27.027Z] [main] [INFO ] org.springframework.data.repository.config.RepositoryConfigurationDelegate.registerRepositoriesIn[] - Finished Spring Data repository scanning in 2 ms. Found 0 Redis repository interfaces.
[2023-02-20T23:56:28.028Z] [main] [INFO ] org.springframework.boot.web.embedded.tomcat.TomcatWebServer.initialize[] - Tomcat initialized with port(s): 8090 (http)
[2023-02-20T23:56:28.028Z] [main] [INFO ] org.apache.juli.logging.DirectJDKLog.log[] - Initializing ProtocolHandler ["http-nio-8090"]
[2023-02-20T23:56:28.028Z] [main] [INFO ] org.apache.juli.logging.DirectJDKLog.log[] - Starting service [Tomcat]
[2023-02-20T23:56:28.028Z] [main] [INFO ] org.apache.juli.logging.DirectJDKLog.log[] - Starting Servlet engine: [Apache Tomcat/9.0.56]
[2023-02-20T23:56:28.028Z] [main] [INFO ] org.apache.juli.logging.DirectJDKLog.log[] - Initializing Spring embedded WebApplicationContext
[2023-02-20T23:56:28.028Z] [main] [INFO ] org.springframework.boot.web.servlet.context.ServletWebServerApplicationContext.prepareWebApplicationContext[] - Root WebApplicationContext: initialization completed in 3189 ms
[2023-02-20T23:56:29.029Z] [main] [INFO ] org.hibernate.jpa.internal.util.LogHelper.logPersistenceUnitInformation[] - HHH000204: Processing PersistenceUnitInfo [name: default]
[2023-02-20T23:56:29.029Z] [main] [INFO ] org.hibernate.Version.logVersion[] - HHH000412: Hibernate ORM core version 5.6.4.Final
[2023-02-20T23:56:30.030Z] [main] [INFO ] org.hibernate.annotations.common.reflection.java.JavaReflectionManager.<clinit>[] - HCANN000001: Hibernate Commons Annotations {5.1.2.Final}
[2023-02-20T23:56:30.030Z] [main] [INFO ] com.zaxxer.hikari.HikariDataSource.getConnection[] - SHOPSPIKER - Starting...
[2023-02-20T23:56:30.030Z] [main] [INFO ] com.zaxxer.hikari.HikariDataSource.getConnection[] - SHOPSPIKER - Start completed.
[2023-02-20T23:56:30.030Z] [main] [INFO ] org.hibernate.dialect.Dialect.<init>[] - HHH000400: Using dialect: org.hibernate.dialect.MySQL5InnoDBDialect
[2023-02-20T23:56:32.032Z] [main] [INFO ] org.hibernate.engine.transaction.jta.platform.internal.JtaPlatformInitiator.initiateService[] - HHH000490: Using JtaPlatform implementation: [org.hibernate.engine.transaction.jta.platform.internal.NoJtaPlatform]
[2023-02-20T23:56:32.032Z] [main] [INFO ] org.springframework.orm.jpa.AbstractEntityManagerFactoryBean.buildNativeEntityManagerFactory[] - Initialized JPA EntityManagerFactory for persistence unit 'default'
[2023-02-20T23:56:32.032Z] [main] [INFO ] org.springframework.boot.web.servlet.DynamicRegistrationBean.register[] - Filter loggingFilter was not registered (possibly already registered?)
[2023-02-20T23:56:32.032Z] [main] [INFO ] com.shopspiker.site.configuration.SiteDbInitializer.init[] - Inside init() method of SiteDB Initializer
[2023-02-20T23:56:33.033Z] [main] [INFO ] com.shopspiker.auth.configuration.AuthDbInitializer.init[] - Inside init() method of AuthDB Initializer
[2023-02-20T23:56:33.033Z] [main] [WARN ] org.springframework.boot.autoconfigure.orm.jpa.JpaBaseConfiguration$JpaWebConfiguration.openEntityManagerInViewInterceptor[] - spring.jpa.open-in-view is enabled by default. Therefore, database queries may be performed during view rendering. Explicitly configure spring.jpa.open-in-view to disable this warning
[2023-02-20T23:56:36.036Z] [main] [INFO ] org.springframework.boot.autoconfigure.security.servlet.UserDetailsServiceAutoConfiguration.getOrDeducePassword[] - 

Using generated security password: 16515171-820c-4ddc-a315-7341f2a2e1ee

[2023-02-20T23:56:36.036Z] [main] [INFO ] org.springframework.boot.actuate.endpoint.web.EndpointLinksResolver.<init>[] - Exposing 13 endpoint(s) beneath base path '/actuator'
[2023-02-20T23:56:36.036Z] [main] [INFO ] org.springframework.security.web.DefaultSecurityFilterChain.<init>[] - Will secure Ant [pattern='/**'] with [org.springframework.security.web.context.request.async.WebAsyncManagerIntegrationFilter@223ed38f, org.springframework.security.web.context.SecurityContextPersistenceFilter@2d1ef2fc, org.springframework.security.web.header.HeaderWriterFilter@32089590, org.springframework.web.filter.CorsFilter@66ab765c, org.springframework.security.web.authentication.logout.LogoutFilter@344d6bb3, com.shopspiker.auth.web.filter.JwtRequestAuthenticationFilter@2b71a12e, org.springframework.security.web.savedrequest.RequestCacheAwareFilter@648100de, org.springframework.security.web.servletapi.SecurityContextHolderAwareRequestFilter@2f43c73a, org.springframework.security.web.authentication.AnonymousAuthenticationFilter@319428ba, org.springframework.security.web.session.SessionManagementFilter@5a131edc, org.springframework.security.web.access.ExceptionTranslationFilter@59960ae9, org.springframework.security.web.access.intercept.FilterSecurityInterceptor@6f36c42]
[2023-02-20T23:56:36.036Z] [main] [INFO ] org.apache.juli.logging.DirectJDKLog.log[] - Starting ProtocolHandler ["http-nio-8090"]
[2023-02-20T23:56:36.036Z] [main] [INFO ] org.springframework.boot.web.embedded.tomcat.TomcatWebServer.start[] - Tomcat started on port(s): 8090 (http) with context path ''
[2023-02-20T23:56:36.036Z] [main] [INFO ] org.springframework.boot.StartupInfoLogger.logStarted[] - Started ShopSpikerApplication in 11.707 seconds (JVM running for 12.844)
[2023-02-20T23:56:49.049Z] [http-nio-8090-exec-1] [INFO ] org.apache.juli.logging.DirectJDKLog.log[] - Initializing Spring DispatcherServlet 'dispatcherServlet'
[2023-02-20T23:56:49.049Z] [http-nio-8090-exec-1] [INFO ] org.springframework.web.servlet.FrameworkServlet.initServletBean[] - Initializing Servlet 'dispatcherServlet'
[2023-02-20T23:56:49.049Z] [http-nio-8090-exec-1] [INFO ] org.springframework.web.servlet.FrameworkServlet.initServletBean[] - Completed initialization in 3 ms
[2023-02-20T23:56:49.049Z] [http-nio-8090-exec-1] [ERROR] com.shopspiker.common.web.exception.GeneralExceptionHandler.handleAllExceptions[] - message: Handler dispatch failed; nested exception is java.lang.NoClassDefFoundError: jakarta/servlet/ServletInputStream 
 requested uri: uri=/wishlist/v1/wishlists
org.springframework.web.util.NestedServletException: Handler dispatch failed; nested exception is java.lang.NoClassDefFoundError: jakarta/servlet/ServletInputStream
	at org.springframework.web.servlet.DispatcherServlet.doDispatch(DispatcherServlet.java:1082)
	at org.springframework.web.servlet.DispatcherServlet.doService(DispatcherServlet.java:963)
	at org.springframework.web.servlet.FrameworkServlet.processRequest(FrameworkServlet.java:1006)
	at org.springframework.web.servlet.FrameworkServlet.doGet(FrameworkServlet.java:898)
	at javax.servlet.http.HttpServlet.service(HttpServlet.java:655)
	at org.springframework.web.servlet.FrameworkServlet.service(FrameworkServlet.java:883)
	at javax.servlet.http.HttpServlet.service(HttpServlet.java:764)
	at org.apache.catalina.core.ApplicationFilterChain.internalDoFilter(ApplicationFilterChain.java:227)
	at org.apache.catalina.core.ApplicationFilterChain.doFilter(ApplicationFilterChain.java:162)
	at org.apache.tomcat.websocket.server.WsFilter.doFilter(WsFilter.java:53)
	at org.apache.catalina.core.ApplicationFilterChain.internalDoFilter(ApplicationFilterChain.java:189)
	at org.apache.catalina.core.ApplicationFilterChain.doFilter(ApplicationFilterChain.java:162)
	at org.springframework.web.filter.OncePerRequestFilter.doFilter(OncePerRequestFilter.java:111)
	at org.apache.catalina.core.ApplicationFilterChain.internalDoFilter(ApplicationFilterChain.java:189)
	at org.apache.catalina.core.ApplicationFilterChain.doFilter(ApplicationFilterChain.java:162)
	at org.springframework.security.web.FilterChainProxy$VirtualFilterChain.doFilter(FilterChainProxy.java:327)
	at org.springframework.security.web.access.intercept.FilterSecurityInterceptor.invoke(FilterSecurityInterceptor.java:115)
	at org.springframework.security.web.access.intercept.FilterSecurityInterceptor.doFilter(FilterSecurityInterceptor.java:81)
	at org.springframework.security.web.FilterChainProxy$VirtualFilterChain.doFilter(FilterChainProxy.java:336)
	at org.springframework.security.web.access.ExceptionTranslationFilter.doFilter(ExceptionTranslationFilter.java:122)
	at org.springframework.security.web.access.ExceptionTranslationFilter.doFilter(ExceptionTranslationFilter.java:116)
	at org.springframework.security.web.FilterChainProxy$VirtualFilterChain.doFilter(FilterChainProxy.java:336)
	at org.springframework.security.web.session.SessionManagementFilter.doFilter(SessionManagementFilter.java:126)
	at org.springframework.security.web.session.SessionManagementFilter.doFilter(SessionManagementFilter.java:81)
	at org.springframework.security.web.FilterChainProxy$VirtualFilterChain.doFilter(FilterChainProxy.java:336)
	at org.springframework.security.web.authentication.AnonymousAuthenticationFilter.doFilter(AnonymousAuthenticationFilter.java:109)
	at org.springframework.security.web.FilterChainProxy$VirtualFilterChain.doFilter(FilterChainProxy.java:336)
	at org.springframework.security.web.servletapi.SecurityContextHolderAwareRequestFilter.doFilter(SecurityContextHolderAwareRequestFilter.java:149)
	at org.springframework.security.web.FilterChainProxy$VirtualFilterChain.doFilter(FilterChainProxy.java:336)
	at org.springframework.security.web.savedrequest.RequestCacheAwareFilter.doFilter(RequestCacheAwareFilter.java:63)
	at org.springframework.security.web.FilterChainProxy$VirtualFilterChain.doFilter(FilterChainProxy.java:336)
	at com.shopspiker.auth.web.filter.JwtRequestAuthenticationFilter.doFilterInternal(JwtRequestAuthenticationFilter.java:61)
	at org.springframework.web.filter.OncePerRequestFilter.doFilter(OncePerRequestFilter.java:117)
	at org.springframework.security.web.FilterChainProxy$VirtualFilterChain.doFilter(FilterChainProxy.java:336)
	at org.springframework.security.web.authentication.logout.LogoutFilter.doFilter(LogoutFilter.java:103)
	at org.springframework.security.web.authentication.logout.LogoutFilter.doFilter(LogoutFilter.java:89)
	at org.springframework.security.web.FilterChainProxy$VirtualFilterChain.doFilter(FilterChainProxy.java:336)
	at org.springframework.web.filter.CorsFilter.doFilterInternal(CorsFilter.java:91)
	at org.springframework.web.filter.OncePerRequestFilter.doFilter(OncePerRequestFilter.java:117)
	at org.springframework.security.web.FilterChainProxy$VirtualFilterChain.doFilter(FilterChainProxy.java:336)
	at org.springframework.security.web.header.HeaderWriterFilter.doHeadersAfter(HeaderWriterFilter.java:90)
	at org.springframework.security.web.header.HeaderWriterFilter.doFilterInternal(HeaderWriterFilter.java:75)
	at org.springframework.web.filter.OncePerRequestFilter.doFilter(OncePerRequestFilter.java:117)
	at org.springframework.security.web.FilterChainProxy$VirtualFilterChain.doFilter(FilterChainProxy.java:336)
	at org.springframework.security.web.context.SecurityContextPersistenceFilter.doFilter(SecurityContextPersistenceFilter.java:110)
	at org.springframework.security.web.context.SecurityContextPersistenceFilter.doFilter(SecurityContextPersistenceFilter.java:80)
	at org.springframework.security.web.FilterChainProxy$VirtualFilterChain.doFilter(FilterChainProxy.java:336)
	at org.springframework.security.web.context.request.async.WebAsyncManagerIntegrationFilter.doFilterInternal(WebAsyncManagerIntegrationFilter.java:55)
	at org.springframework.web.filter.OncePerRequestFilter.doFilter(OncePerRequestFilter.java:117)
	at org.springframework.security.web.FilterChainProxy$VirtualFilterChain.doFilter(FilterChainProxy.java:336)
	at org.springframework.security.web.FilterChainProxy.doFilterInternal(FilterChainProxy.java:211)
	at org.springframework.security.web.FilterChainProxy.doFilter(FilterChainProxy.java:183)
	at org.springframework.web.filter.DelegatingFilterProxy.invokeDelegate(DelegatingFilterProxy.java:354)
	at org.springframework.web.filter.DelegatingFilterProxy.doFilter(DelegatingFilterProxy.java:267)
	at org.apache.catalina.core.ApplicationFilterChain.internalDoFilter(ApplicationFilterChain.java:189)
	at org.apache.catalina.core.ApplicationFilterChain.doFilter(ApplicationFilterChain.java:162)
	at org.springframework.web.filter.RequestContextFilter.doFilterInternal(RequestContextFilter.java:100)
	at org.springframework.web.filter.OncePerRequestFilter.doFilter(OncePerRequestFilter.java:117)
	at org.apache.catalina.core.ApplicationFilterChain.internalDoFilter(ApplicationFilterChain.java:189)
	at org.apache.catalina.core.ApplicationFilterChain.doFilter(ApplicationFilterChain.java:162)
	at org.springframework.web.filter.FormContentFilter.doFilterInternal(FormContentFilter.java:93)
	at org.springframework.web.filter.OncePerRequestFilter.doFilter(OncePerRequestFilter.java:117)
	at org.apache.catalina.core.ApplicationFilterChain.internalDoFilter(ApplicationFilterChain.java:189)
	at org.apache.catalina.core.ApplicationFilterChain.doFilter(ApplicationFilterChain.java:162)
	at org.springframework.boot.actuate.metrics.web.servlet.WebMvcMetricsFilter.doFilterInternal(WebMvcMetricsFilter.java:96)
	at org.springframework.web.filter.OncePerRequestFilter.doFilter(OncePerRequestFilter.java:117)
	at org.apache.catalina.core.ApplicationFilterChain.internalDoFilter(ApplicationFilterChain.java:189)
	at org.apache.catalina.core.ApplicationFilterChain.doFilter(ApplicationFilterChain.java:162)
	at org.springframework.web.filter.CharacterEncodingFilter.doFilterInternal(CharacterEncodingFilter.java:201)
	at org.springframework.web.filter.OncePerRequestFilter.doFilter(OncePerRequestFilter.java:117)
	at org.apache.catalina.core.ApplicationFilterChain.internalDoFilter(ApplicationFilterChain.java:189)
	at org.apache.catalina.core.ApplicationFilterChain.doFilter(ApplicationFilterChain.java:162)
	at com.shopspiker.common.web.filter.RequestResponseLoggingFilter.doFilter(LoggingFilter.java:73)
	at org.apache.catalina.core.ApplicationFilterChain.internalDoFilter(ApplicationFilterChain.java:189)
	at org.apache.catalina.core.ApplicationFilterChain.doFilter(ApplicationFilterChain.java:162)
	at org.apache.catalina.core.StandardWrapperValve.invoke(StandardWrapperValve.java:197)
	at org.apache.catalina.core.StandardContextValve.invoke(StandardContextValve.java:97)
	at org.apache.catalina.authenticator.AuthenticatorBase.invoke(AuthenticatorBase.java:540)
	at org.apache.catalina.core.StandardHostValve.invoke(StandardHostValve.java:135)
	at org.apache.catalina.valves.ErrorReportValve.invoke(ErrorReportValve.java:92)
	at org.apache.catalina.core.StandardEngineValve.invoke(StandardEngineValve.java:78)
	at org.apache.catalina.connector.CoyoteAdapter.service(CoyoteAdapter.java:357)
	at org.apache.coyote.http11.Http11Processor.service(Http11Processor.java:382)
	at org.apache.coyote.AbstractProcessorLight.process(AbstractProcessorLight.java:65)
	at org.apache.coyote.AbstractProtocol$ConnectionHandler.process(AbstractProtocol.java:895)
	at org.apache.tomcat.util.net.NioEndpoint$SocketProcessor.doRun(NioEndpoint.java:1732)
	at org.apache.tomcat.util.net.SocketProcessorBase.run(SocketProcessorBase.java:49)
	at org.apache.tomcat.util.threads.ThreadPoolExecutor.runWorker(ThreadPoolExecutor.java:1191)
	at org.apache.tomcat.util.threads.ThreadPoolExecutor$Worker.run(ThreadPoolExecutor.java:659)
	at org.apache.tomcat.util.threads.TaskThread$WrappingRunnable.run(TaskThread.java:61)
	at java.base/java.lang.Thread.run(Thread.java:833)
Caused by: java.lang.NoClassDefFoundError: jakarta/servlet/ServletInputStream
	at net.kaczmarzyk.spring.data.jpa.web.SpecificationArgumentResolver.resolveArgument(SpecificationArgumentResolver.java:83)
	at org.springframework.web.method.support.HandlerMethodArgumentResolverComposite.resolveArgument(HandlerMethodArgumentResolverComposite.java:122)
	at org.springframework.web.method.support.InvocableHandlerMethod.getMethodArgumentValues(InvocableHandlerMethod.java:179)
	at org.springframework.web.method.support.InvocableHandlerMethod.invokeForRequest(InvocableHandlerMethod.java:146)
	at org.springframework.web.servlet.mvc.method.annotation.ServletInvocableHandlerMethod.invokeAndHandle(ServletInvocableHandlerMethod.java:117)
	at org.springframework.web.servlet.mvc.method.annotation.RequestMappingHandlerAdapter.invokeHandlerMethod(RequestMappingHandlerAdapter.java:895)
	at org.springframework.web.servlet.mvc.method.annotation.RequestMappingHandlerAdapter.handleInternal(RequestMappingHandlerAdapter.java:808)
	at org.springframework.web.servlet.mvc.method.AbstractHandlerMethodAdapter.handle(AbstractHandlerMethodAdapter.java:87)
	at org.springframework.web.servlet.DispatcherServlet.doDispatch(DispatcherServlet.java:1067)
	... 90 common frames omitted
Caused by: java.lang.ClassNotFoundException: jakarta.servlet.ServletInputStream
	at java.base/jdk.internal.loader.BuiltinClassLoader.loadClass(BuiltinClassLoader.java:641)
	at java.base/jdk.internal.loader.ClassLoaders$AppClassLoader.loadClass(ClassLoaders.java:188)
	at java.base/java.lang.ClassLoader.loadClass(ClassLoader.java:520)
	... 99 common frames omitted
[2023-02-20T23:56:49.049Z] [http-nio-8090-exec-1] [ERROR] com.shopspiker.common.web.exception.GeneralExceptionHandler.getExceptionResponseEntity[] - errors Handler dispatch failed; nested exception is java.lang.NoClassDefFoundError: jakarta/servlet/ServletInputStream for path uri=/wishlist/v1/wishlists
[2023-02-20T23:56:49.049Z] [http-nio-8090-exec-1] [INFO ] com.shopspiker.common.web.filter.RequestResponseLoggingFilter.doFilter[] -
###############################################################
[GET] /wishlist/v1/wishlists
HEADERS: UNIQUE_REQUEST_ID=1676923009254fe8cd57b-74b1-410b-9dee-b2f6437ebd4a       ,Authorization=Bearer eyJhbGciOiJIUzUxMiJ9.eyJmaXJzdE5hbWUiOiJhZG1pbiIsInN1YiI6IjAxR1NSNDNTMVRRTVRSRjNSU1BKMlFXNTBQIiwicm9sZXMiOlsiUk9MRV9TVVBFUl9BRE1JTiJdLCJqd3RUb2tlblR5cGUiOiJBQ0NFU1NfVE9LRU4iLCJleHAiOjE2NzY5MjUxNDUsImlhdCI6MTY3NjkyMTU0NX0.pcKFbOPcOxM0zvMNdEiDfu6nakVicIi_YN4F-uc8HOsAtZvyiWKzdlrsxvD-Gle5sn3jOzOJSV6K0IBq2K8cjA
Remote Address: 0:0:0:0:0:0:0:1
Request Body: 
Response Status Code: 500
Response Body: {"timestamp":"2023-02-20T19:56:49.882894300Z","status":500,"error":[{"errorCode":"Handler dispatch failed; nested exception is java.lang.NoClassDefFoundError","errorMessage":"jakarta/servlet/ServletInputStream"}],"type":"NestedServletException","path":"uri=/wishlist/v1/wishlists","message":"Internal Server Error"}
###############################################################

